[2025-11-02T19:55:08.598+0000] {local_task_job_runner.py:120} INFO - ::group::Pre task execution logs
[2025-11-02T19:55:08.629+0000] {taskinstance.py:2076} INFO - Dependencies all met for dep_context=non-requeueable deps ti=<TaskInstance: dbt_duckdb_run.presentation_models.run_application_agg scheduled__2025-11-01T06:00:00+00:00 [queued]>
[2025-11-02T19:55:08.641+0000] {taskinstance.py:2076} INFO - Dependencies all met for dep_context=requeueable deps ti=<TaskInstance: dbt_duckdb_run.presentation_models.run_application_agg scheduled__2025-11-01T06:00:00+00:00 [queued]>
[2025-11-02T19:55:08.642+0000] {taskinstance.py:2306} INFO - Starting attempt 4 of 4
[2025-11-02T19:55:08.652+0000] {taskinstance.py:2330} INFO - Executing <Task(BashOperator): presentation_models.run_application_agg> on 2025-11-01 06:00:00+00:00
[2025-11-02T19:55:08.661+0000] {logging_mixin.py:188} WARNING - /home/***/.local/lib/python3.12/site-packages/***/task/task_runner/standard_task_runner.py:62 DeprecationWarning: This process (pid=12315) is multi-threaded, use of fork() may lead to deadlocks in the child.
[2025-11-02T19:55:08.662+0000] {standard_task_runner.py:64} INFO - Started process 12321 to run task
[2025-11-02T19:55:08.662+0000] {standard_task_runner.py:90} INFO - Running: ['***', 'tasks', 'run', 'dbt_duckdb_run', 'presentation_models.run_application_agg', 'scheduled__2025-11-01T06:00:00+00:00', '--job-id', '29', '--raw', '--subdir', 'DAGS_FOLDER/dbt_dag.py', '--cfg-path', '/tmp/tmp5mlk8rl9']
[2025-11-02T19:55:08.665+0000] {standard_task_runner.py:91} INFO - Job 29: Subtask presentation_models.run_application_agg
[2025-11-02T19:55:08.813+0000] {task_command.py:426} INFO - Running <TaskInstance: dbt_duckdb_run.presentation_models.run_application_agg scheduled__2025-11-01T06:00:00+00:00 [running]> on host 3ad6f99bc9d3
[2025-11-02T19:55:09.025+0000] {taskinstance.py:2648} INFO - Exporting env vars: AIRFLOW_CTX_DAG_OWNER='***' AIRFLOW_CTX_DAG_ID='dbt_duckdb_run' AIRFLOW_CTX_TASK_ID='presentation_models.run_application_agg' AIRFLOW_CTX_EXECUTION_DATE='2025-11-01T06:00:00+00:00' AIRFLOW_CTX_TRY_NUMBER='4' AIRFLOW_CTX_DAG_RUN_ID='scheduled__2025-11-01T06:00:00+00:00'
[2025-11-02T19:55:09.027+0000] {taskinstance.py:430} INFO - ::endgroup::
[2025-11-02T19:55:09.052+0000] {subprocess.py:63} INFO - Tmp dir root location: /tmp
[2025-11-02T19:55:09.054+0000] {subprocess.py:75} INFO - Running command: ['/usr/bin/bash', '-c', 'cd /opt/***/dbt && source venv/bin/activate && dbt run --select application_agg --project-dir /opt/***/dbt --profiles-dir /opt/***/dbt']
[2025-11-02T19:55:09.063+0000] {subprocess.py:86} INFO - Output:
[2025-11-02T19:55:15.334+0000] {subprocess.py:93} INFO - [0m19:55:15  Running with dbt=1.10.13
[2025-11-02T19:55:15.367+0000] {subprocess.py:93} INFO - [0m19:55:15  Encountered an error:
[2025-11-02T19:55:15.368+0000] {subprocess.py:93} INFO - Runtime Error
[2025-11-02T19:55:15.369+0000] {subprocess.py:93} INFO -   Could not find profile named 'bamboo_dbt_project'
[2025-11-02T19:55:16.706+0000] {subprocess.py:97} INFO - Command exited with return code 2
[2025-11-02T19:55:16.708+0000] {taskinstance.py:441} INFO - ::group::Post task execution logs
[2025-11-02T19:55:16.721+0000] {taskinstance.py:2905} ERROR - Task failed with exception
Traceback (most recent call last):
  File "/home/airflow/.local/lib/python3.12/site-packages/airflow/models/taskinstance.py", line 465, in _execute_task
    result = _execute_callable(context=context, **execute_callable_kwargs)
             ^^^^^^^^^^^^^^^^^^^^^^^^^^^^^^^^^^^^^^^^^^^^^^^^^^^^^^^^^^^^^
  File "/home/airflow/.local/lib/python3.12/site-packages/airflow/models/taskinstance.py", line 432, in _execute_callable
    return execute_callable(context=context, **execute_callable_kwargs)
           ^^^^^^^^^^^^^^^^^^^^^^^^^^^^^^^^^^^^^^^^^^^^^^^^^^^^^^^^^^^^
  File "/home/airflow/.local/lib/python3.12/site-packages/airflow/models/baseoperator.py", line 401, in wrapper
    return func(self, *args, **kwargs)
           ^^^^^^^^^^^^^^^^^^^^^^^^^^^
  File "/home/airflow/.local/lib/python3.12/site-packages/airflow/operators/bash.py", line 243, in execute
    raise AirflowException(
airflow.exceptions.AirflowException: Bash command failed. The command returned a non-zero exit code 2.
[2025-11-02T19:55:16.729+0000] {taskinstance.py:1206} INFO - Marking task as FAILED. dag_id=dbt_duckdb_run, task_id=presentation_models.run_application_agg, run_id=scheduled__2025-11-01T06:00:00+00:00, execution_date=20251101T060000, start_date=20251102T195508, end_date=20251102T195516
[2025-11-02T19:55:16.751+0000] {standard_task_runner.py:110} ERROR - Failed to execute job 29 for task presentation_models.run_application_agg (Bash command failed. The command returned a non-zero exit code 2.; 12321)
[2025-11-02T19:55:16.760+0000] {local_task_job_runner.py:243} INFO - Task exited with return code 1
[2025-11-02T19:55:16.773+0000] {local_task_job_runner.py:222} INFO - ::endgroup::
