[2025-11-02T20:13:56.236+0000] {local_task_job_runner.py:120} INFO - ::group::Pre task execution logs
[2025-11-02T20:13:56.265+0000] {taskinstance.py:2076} INFO - Dependencies all met for dep_context=non-requeueable deps ti=<TaskInstance: dbt_duckdb_run.presentation_models.run_application_agg scheduled__2025-11-01T06:00:00+00:00 [queued]>
[2025-11-02T20:13:56.277+0000] {taskinstance.py:2076} INFO - Dependencies all met for dep_context=requeueable deps ti=<TaskInstance: dbt_duckdb_run.presentation_models.run_application_agg scheduled__2025-11-01T06:00:00+00:00 [queued]>
[2025-11-02T20:13:56.277+0000] {taskinstance.py:2306} INFO - Starting attempt 7 of 7
[2025-11-02T20:13:56.288+0000] {taskinstance.py:2330} INFO - Executing <Task(BashOperator): presentation_models.run_application_agg> on 2025-11-01 06:00:00+00:00
[2025-11-02T20:13:56.295+0000] {logging_mixin.py:188} WARNING - /home/***/.local/lib/python3.12/site-packages/***/task/task_runner/standard_task_runner.py:62 DeprecationWarning: This process (pid=242) is multi-threaded, use of fork() may lead to deadlocks in the child.
[2025-11-02T20:13:56.297+0000] {standard_task_runner.py:90} INFO - Running: ['***', 'tasks', 'run', 'dbt_duckdb_run', 'presentation_models.run_application_agg', 'scheduled__2025-11-01T06:00:00+00:00', '--job-id', '59', '--raw', '--subdir', 'DAGS_FOLDER/dbt_dag.py', '--cfg-path', '/tmp/tmptthe3n3n']
[2025-11-02T20:13:56.300+0000] {standard_task_runner.py:64} INFO - Started process 248 to run task
[2025-11-02T20:13:56.300+0000] {standard_task_runner.py:91} INFO - Job 59: Subtask presentation_models.run_application_agg
[2025-11-02T20:13:56.377+0000] {task_command.py:426} INFO - Running <TaskInstance: dbt_duckdb_run.presentation_models.run_application_agg scheduled__2025-11-01T06:00:00+00:00 [running]> on host 3d0082094d3e
[2025-11-02T20:13:56.459+0000] {taskinstance.py:2648} INFO - Exporting env vars: AIRFLOW_CTX_DAG_OWNER='***' AIRFLOW_CTX_DAG_ID='dbt_duckdb_run' AIRFLOW_CTX_TASK_ID='presentation_models.run_application_agg' AIRFLOW_CTX_EXECUTION_DATE='2025-11-01T06:00:00+00:00' AIRFLOW_CTX_TRY_NUMBER='7' AIRFLOW_CTX_DAG_RUN_ID='scheduled__2025-11-01T06:00:00+00:00'
[2025-11-02T20:13:56.459+0000] {taskinstance.py:430} INFO - ::endgroup::
[2025-11-02T20:13:56.472+0000] {subprocess.py:63} INFO - Tmp dir root location: /tmp
[2025-11-02T20:13:56.473+0000] {subprocess.py:75} INFO - Running command: ['/usr/bin/bash', '-c', 'cd /opt/***/dbt && source venv/bin/activate && dbt run --select application_agg ']
[2025-11-02T20:13:56.481+0000] {subprocess.py:86} INFO - Output:
[2025-11-02T20:14:00.502+0000] {subprocess.py:93} INFO - Usage: dbt run [OPTIONS]
[2025-11-02T20:14:00.503+0000] {subprocess.py:93} INFO - Try 'dbt run -h' for help.
[2025-11-02T20:14:00.504+0000] {subprocess.py:93} INFO - 
[2025-11-02T20:14:00.504+0000] {subprocess.py:93} INFO - Error: Invalid value for '--profiles-dir': Path '/home/***/.dbt' does not exist.
[2025-11-02T20:14:00.837+0000] {subprocess.py:97} INFO - Command exited with return code 2
[2025-11-02T20:14:00.839+0000] {taskinstance.py:441} INFO - ::group::Post task execution logs
[2025-11-02T20:14:00.853+0000] {taskinstance.py:2905} ERROR - Task failed with exception
Traceback (most recent call last):
  File "/home/airflow/.local/lib/python3.12/site-packages/airflow/models/taskinstance.py", line 465, in _execute_task
    result = _execute_callable(context=context, **execute_callable_kwargs)
             ^^^^^^^^^^^^^^^^^^^^^^^^^^^^^^^^^^^^^^^^^^^^^^^^^^^^^^^^^^^^^
  File "/home/airflow/.local/lib/python3.12/site-packages/airflow/models/taskinstance.py", line 432, in _execute_callable
    return execute_callable(context=context, **execute_callable_kwargs)
           ^^^^^^^^^^^^^^^^^^^^^^^^^^^^^^^^^^^^^^^^^^^^^^^^^^^^^^^^^^^^
  File "/home/airflow/.local/lib/python3.12/site-packages/airflow/models/baseoperator.py", line 401, in wrapper
    return func(self, *args, **kwargs)
           ^^^^^^^^^^^^^^^^^^^^^^^^^^^
  File "/home/airflow/.local/lib/python3.12/site-packages/airflow/operators/bash.py", line 243, in execute
    raise AirflowException(
airflow.exceptions.AirflowException: Bash command failed. The command returned a non-zero exit code 2.
[2025-11-02T20:14:00.857+0000] {taskinstance.py:1206} INFO - Marking task as FAILED. dag_id=dbt_duckdb_run, task_id=presentation_models.run_application_agg, run_id=scheduled__2025-11-01T06:00:00+00:00, execution_date=20251101T060000, start_date=20251102T201356, end_date=20251102T201400
[2025-11-02T20:14:00.868+0000] {standard_task_runner.py:110} ERROR - Failed to execute job 59 for task presentation_models.run_application_agg (Bash command failed. The command returned a non-zero exit code 2.; 248)
[2025-11-02T20:14:00.889+0000] {local_task_job_runner.py:243} INFO - Task exited with return code 1
[2025-11-02T20:14:00.902+0000] {local_task_job_runner.py:222} INFO - ::endgroup::
