[2025-11-02T20:23:35.290+0000] {local_task_job_runner.py:120} INFO - ::group::Pre task execution logs
[2025-11-02T20:23:35.326+0000] {taskinstance.py:2076} INFO - Dependencies all met for dep_context=non-requeueable deps ti=<TaskInstance: dbt_duckdb_run.presentation_models.run_application_agg scheduled__2025-11-01T06:00:00+00:00 [queued]>
[2025-11-02T20:23:35.334+0000] {taskinstance.py:2076} INFO - Dependencies all met for dep_context=requeueable deps ti=<TaskInstance: dbt_duckdb_run.presentation_models.run_application_agg scheduled__2025-11-01T06:00:00+00:00 [queued]>
[2025-11-02T20:23:35.336+0000] {taskinstance.py:2306} INFO - Starting attempt 8 of 8
[2025-11-02T20:23:35.349+0000] {taskinstance.py:2330} INFO - Executing <Task(BashOperator): presentation_models.run_application_agg> on 2025-11-01 06:00:00+00:00
[2025-11-02T20:23:35.358+0000] {logging_mixin.py:188} WARNING - /home/***/.local/lib/python3.12/site-packages/***/task/task_runner/standard_task_runner.py:62 DeprecationWarning: This process (pid=414) is multi-threaded, use of fork() may lead to deadlocks in the child.
[2025-11-02T20:23:35.370+0000] {standard_task_runner.py:64} INFO - Started process 419 to run task
[2025-11-02T20:23:35.368+0000] {standard_task_runner.py:90} INFO - Running: ['***', 'tasks', 'run', 'dbt_duckdb_run', 'presentation_models.run_application_agg', 'scheduled__2025-11-01T06:00:00+00:00', '--job-id', '64', '--raw', '--subdir', 'DAGS_FOLDER/dbt_dag.py', '--cfg-path', '/tmp/tmpo17oelmi']
[2025-11-02T20:23:35.373+0000] {standard_task_runner.py:91} INFO - Job 64: Subtask presentation_models.run_application_agg
[2025-11-02T20:23:35.447+0000] {task_command.py:426} INFO - Running <TaskInstance: dbt_duckdb_run.presentation_models.run_application_agg scheduled__2025-11-01T06:00:00+00:00 [running]> on host 3d0082094d3e
[2025-11-02T20:23:35.539+0000] {taskinstance.py:2648} INFO - Exporting env vars: AIRFLOW_CTX_DAG_OWNER='***' AIRFLOW_CTX_DAG_ID='dbt_duckdb_run' AIRFLOW_CTX_TASK_ID='presentation_models.run_application_agg' AIRFLOW_CTX_EXECUTION_DATE='2025-11-01T06:00:00+00:00' AIRFLOW_CTX_TRY_NUMBER='8' AIRFLOW_CTX_DAG_RUN_ID='scheduled__2025-11-01T06:00:00+00:00'
[2025-11-02T20:23:35.541+0000] {taskinstance.py:430} INFO - ::endgroup::
[2025-11-02T20:23:35.561+0000] {subprocess.py:63} INFO - Tmp dir root location: /tmp
[2025-11-02T20:23:35.563+0000] {subprocess.py:75} INFO - Running command: ['/usr/bin/bash', '-c', 'cd /opt/***/dbt && source venv/bin/activate && dbt run --select application_agg ']
[2025-11-02T20:23:35.578+0000] {subprocess.py:86} INFO - Output:
[2025-11-02T20:23:46.253+0000] {subprocess.py:93} INFO - [0m20:23:46  Running with dbt=1.10.13
[2025-11-02T20:23:47.191+0000] {subprocess.py:93} INFO - [0m20:23:47  Registered adapter: duckdb=1.9.6
[2025-11-02T20:23:47.982+0000] {subprocess.py:93} INFO - [0m20:23:47  Unable to do partial parsing because profile has changed
[2025-11-02T20:23:48.043+0000] {subprocess.py:93} INFO - [0m20:23:48  [[33mWARNING[0m][DuplicateYAMLKeysDeprecation]: Deprecated functionality
[2025-11-02T20:23:48.044+0000] {subprocess.py:93} INFO - Duplicate key 'column_name' in "<unicode string>", line 11, column 11 in file
[2025-11-02T20:23:48.045+0000] {subprocess.py:93} INFO - `models/structured/schema.yml`
[2025-11-02T20:23:50.935+0000] {subprocess.py:93} INFO - [0m20:23:50  Found 6 models, 12 data tests, 1 source, 444 macros
[2025-11-02T20:23:50.941+0000] {subprocess.py:93} INFO - [0m20:23:50
[2025-11-02T20:23:50.943+0000] {subprocess.py:93} INFO - [0m20:23:50  Concurrency: 4 threads (target='dev')
[2025-11-02T20:23:50.944+0000] {subprocess.py:93} INFO - [0m20:23:50
[2025-11-02T20:23:51.485+0000] {subprocess.py:93} INFO - [0m20:23:51  1 of 1 START sql table model main_presentation.application_agg ................. [RUN]
[2025-11-02T20:23:51.567+0000] {subprocess.py:93} INFO - [0m20:23:51  1 of 1 ERROR creating sql table model main_presentation.application_agg ........ [[31mERROR[0m in 0.08s]
[2025-11-02T20:23:51.579+0000] {subprocess.py:93} INFO - [0m20:23:51
[2025-11-02T20:23:51.580+0000] {subprocess.py:93} INFO - [0m20:23:51  Finished running 1 table model in 0 hours 0 minutes and 0.63 seconds (0.63s).
[2025-11-02T20:23:51.629+0000] {subprocess.py:93} INFO - [0m20:23:51
[2025-11-02T20:23:51.630+0000] {subprocess.py:93} INFO - [0m20:23:51  [31mCompleted with 1 error, 0 partial successes, and 0 warnings:[0m
[2025-11-02T20:23:51.630+0000] {subprocess.py:93} INFO - [0m20:23:51
[2025-11-02T20:23:51.631+0000] {subprocess.py:93} INFO - [0m20:23:51  [31mFailure in model application_agg (models/presentation/application_agg.sql)[0m
[2025-11-02T20:23:51.631+0000] {subprocess.py:93} INFO - [0m20:23:51    Runtime Error in model application_agg (models/presentation/application_agg.sql)
[2025-11-02T20:23:51.632+0000] {subprocess.py:93} INFO -   Catalog Error: Table with name dim_applications does not exist!
[2025-11-02T20:23:51.632+0000] {subprocess.py:93} INFO -   Did you mean "pg_catalog.pg_description"?
[2025-11-02T20:23:51.632+0000] {subprocess.py:93} INFO - 
[2025-11-02T20:23:51.633+0000] {subprocess.py:93} INFO -   LINE 16: from "my_dbt"."main_structured"."dim_applications"
[2025-11-02T20:23:51.633+0000] {subprocess.py:93} INFO -                 ^
[2025-11-02T20:23:51.633+0000] {subprocess.py:93} INFO - [0m20:23:51
[2025-11-02T20:23:51.634+0000] {subprocess.py:93} INFO - [0m20:23:51    compiled code at target/compiled/bamboo_dbt_project/models/presentation/application_agg.sql
[2025-11-02T20:23:51.634+0000] {subprocess.py:93} INFO - [0m20:23:51
[2025-11-02T20:23:51.634+0000] {subprocess.py:93} INFO - [0m20:23:51  Done. PASS=0 WARN=0 ERROR=1 SKIP=0 NO-OP=0 TOTAL=1
[2025-11-02T20:23:51.634+0000] {subprocess.py:93} INFO - [0m20:23:51  [[33mWARNING[0m][DeprecationsSummary]: Deprecated functionality
[2025-11-02T20:23:51.635+0000] {subprocess.py:93} INFO - Summary of encountered deprecations:
[2025-11-02T20:23:51.635+0000] {subprocess.py:93} INFO - - DuplicateYAMLKeysDeprecation: 5 occurrences
[2025-11-02T20:23:51.635+0000] {subprocess.py:93} INFO - To see all deprecation instances instead of just the first occurrence of each,
[2025-11-02T20:23:51.635+0000] {subprocess.py:93} INFO - run command again with the `--show-all-deprecations` flag. You may also need to
[2025-11-02T20:23:51.636+0000] {subprocess.py:93} INFO - run with `--no-partial-parse` as some deprecations are only encountered during
[2025-11-02T20:23:51.636+0000] {subprocess.py:93} INFO - parsing.
[2025-11-02T20:23:52.798+0000] {subprocess.py:97} INFO - Command exited with return code 1
[2025-11-02T20:23:52.803+0000] {taskinstance.py:441} INFO - ::group::Post task execution logs
[2025-11-02T20:23:52.866+0000] {taskinstance.py:2905} ERROR - Task failed with exception
Traceback (most recent call last):
  File "/home/airflow/.local/lib/python3.12/site-packages/airflow/models/taskinstance.py", line 465, in _execute_task
    result = _execute_callable(context=context, **execute_callable_kwargs)
             ^^^^^^^^^^^^^^^^^^^^^^^^^^^^^^^^^^^^^^^^^^^^^^^^^^^^^^^^^^^^^
  File "/home/airflow/.local/lib/python3.12/site-packages/airflow/models/taskinstance.py", line 432, in _execute_callable
    return execute_callable(context=context, **execute_callable_kwargs)
           ^^^^^^^^^^^^^^^^^^^^^^^^^^^^^^^^^^^^^^^^^^^^^^^^^^^^^^^^^^^^
  File "/home/airflow/.local/lib/python3.12/site-packages/airflow/models/baseoperator.py", line 401, in wrapper
    return func(self, *args, **kwargs)
           ^^^^^^^^^^^^^^^^^^^^^^^^^^^
  File "/home/airflow/.local/lib/python3.12/site-packages/airflow/operators/bash.py", line 243, in execute
    raise AirflowException(
airflow.exceptions.AirflowException: Bash command failed. The command returned a non-zero exit code 1.
[2025-11-02T20:23:52.877+0000] {taskinstance.py:1206} INFO - Marking task as FAILED. dag_id=dbt_duckdb_run, task_id=presentation_models.run_application_agg, run_id=scheduled__2025-11-01T06:00:00+00:00, execution_date=20251101T060000, start_date=20251102T202335, end_date=20251102T202352
[2025-11-02T20:23:52.947+0000] {standard_task_runner.py:110} ERROR - Failed to execute job 64 for task presentation_models.run_application_agg (Bash command failed. The command returned a non-zero exit code 1.; 419)
[2025-11-02T20:23:53.002+0000] {local_task_job_runner.py:243} INFO - Task exited with return code 1
[2025-11-02T20:23:53.027+0000] {taskinstance.py:3503} INFO - 0 downstream tasks scheduled from follow-on schedule check
[2025-11-02T20:23:53.028+0000] {local_task_job_runner.py:222} INFO - ::endgroup::
