[2025-11-02T19:22:55.809+0000] {local_task_job_runner.py:120} INFO - ::group::Pre task execution logs
[2025-11-02T19:22:55.836+0000] {taskinstance.py:2076} INFO - Dependencies all met for dep_context=non-requeueable deps ti=<TaskInstance: dbt_duckdb_run.presentation_models.run_application_agg scheduled__2025-11-01T06:00:00+00:00 [queued]>
[2025-11-02T19:22:55.842+0000] {taskinstance.py:2076} INFO - Dependencies all met for dep_context=requeueable deps ti=<TaskInstance: dbt_duckdb_run.presentation_models.run_application_agg scheduled__2025-11-01T06:00:00+00:00 [queued]>
[2025-11-02T19:22:55.843+0000] {taskinstance.py:2306} INFO - Starting attempt 3 of 3
[2025-11-02T19:22:55.861+0000] {taskinstance.py:2330} INFO - Executing <Task(BashOperator): presentation_models.run_application_agg> on 2025-11-01 06:00:00+00:00
[2025-11-02T19:22:55.871+0000] {logging_mixin.py:188} WARNING - /home/***/.local/lib/python3.12/site-packages/***/task/task_runner/standard_task_runner.py:62 DeprecationWarning: This process (pid=12133) is multi-threaded, use of fork() may lead to deadlocks in the child.
[2025-11-02T19:22:55.872+0000] {standard_task_runner.py:64} INFO - Started process 12140 to run task
[2025-11-02T19:22:55.873+0000] {standard_task_runner.py:90} INFO - Running: ['***', 'tasks', 'run', 'dbt_duckdb_run', 'presentation_models.run_application_agg', 'scheduled__2025-11-01T06:00:00+00:00', '--job-id', '23', '--raw', '--subdir', 'DAGS_FOLDER/dbt_dag.py', '--cfg-path', '/tmp/tmpq3ec598d']
[2025-11-02T19:22:55.877+0000] {standard_task_runner.py:91} INFO - Job 23: Subtask presentation_models.run_application_agg
[2025-11-02T19:22:55.931+0000] {task_command.py:426} INFO - Running <TaskInstance: dbt_duckdb_run.presentation_models.run_application_agg scheduled__2025-11-01T06:00:00+00:00 [running]> on host 3ad6f99bc9d3
[2025-11-02T19:22:56.020+0000] {taskinstance.py:2648} INFO - Exporting env vars: AIRFLOW_CTX_DAG_OWNER='***' AIRFLOW_CTX_DAG_ID='dbt_duckdb_run' AIRFLOW_CTX_TASK_ID='presentation_models.run_application_agg' AIRFLOW_CTX_EXECUTION_DATE='2025-11-01T06:00:00+00:00' AIRFLOW_CTX_TRY_NUMBER='3' AIRFLOW_CTX_DAG_RUN_ID='scheduled__2025-11-01T06:00:00+00:00'
[2025-11-02T19:22:56.021+0000] {taskinstance.py:430} INFO - ::endgroup::
[2025-11-02T19:22:56.034+0000] {subprocess.py:63} INFO - Tmp dir root location: /tmp
[2025-11-02T19:22:56.035+0000] {subprocess.py:75} INFO - Running command: ['/usr/bin/bash', '-c', 'cd /opt/***/dbt && source venv/bin/activate && dbt run --select application_agg--project-dir /opt/***/dbt/bamboo_dbt_project --profiles-dir /opt/***/dbt']
[2025-11-02T19:22:56.044+0000] {subprocess.py:86} INFO - Output:
[2025-11-02T19:23:01.377+0000] {subprocess.py:93} INFO - [0m19:23:01  Running with dbt=1.10.13
[2025-11-02T19:23:01.387+0000] {subprocess.py:93} INFO - [0m19:23:01  Encountered an error:
[2025-11-02T19:23:01.388+0000] {subprocess.py:93} INFO - Runtime Error
[2025-11-02T19:23:01.390+0000] {subprocess.py:93} INFO -   Could not find profile named 'bamboo_dbt_project'
[2025-11-02T19:23:02.168+0000] {subprocess.py:97} INFO - Command exited with return code 2
[2025-11-02T19:23:02.170+0000] {taskinstance.py:441} INFO - ::group::Post task execution logs
[2025-11-02T19:23:02.184+0000] {taskinstance.py:2905} ERROR - Task failed with exception
Traceback (most recent call last):
  File "/home/airflow/.local/lib/python3.12/site-packages/airflow/models/taskinstance.py", line 465, in _execute_task
    result = _execute_callable(context=context, **execute_callable_kwargs)
             ^^^^^^^^^^^^^^^^^^^^^^^^^^^^^^^^^^^^^^^^^^^^^^^^^^^^^^^^^^^^^
  File "/home/airflow/.local/lib/python3.12/site-packages/airflow/models/taskinstance.py", line 432, in _execute_callable
    return execute_callable(context=context, **execute_callable_kwargs)
           ^^^^^^^^^^^^^^^^^^^^^^^^^^^^^^^^^^^^^^^^^^^^^^^^^^^^^^^^^^^^
  File "/home/airflow/.local/lib/python3.12/site-packages/airflow/models/baseoperator.py", line 401, in wrapper
    return func(self, *args, **kwargs)
           ^^^^^^^^^^^^^^^^^^^^^^^^^^^
  File "/home/airflow/.local/lib/python3.12/site-packages/airflow/operators/bash.py", line 243, in execute
    raise AirflowException(
airflow.exceptions.AirflowException: Bash command failed. The command returned a non-zero exit code 2.
[2025-11-02T19:23:02.189+0000] {taskinstance.py:1206} INFO - Marking task as FAILED. dag_id=dbt_duckdb_run, task_id=presentation_models.run_application_agg, run_id=scheduled__2025-11-01T06:00:00+00:00, execution_date=20251101T060000, start_date=20251102T192255, end_date=20251102T192302
[2025-11-02T19:23:02.200+0000] {standard_task_runner.py:110} ERROR - Failed to execute job 23 for task presentation_models.run_application_agg (Bash command failed. The command returned a non-zero exit code 2.; 12140)
[2025-11-02T19:23:02.238+0000] {local_task_job_runner.py:243} INFO - Task exited with return code 1
[2025-11-02T19:23:02.252+0000] {taskinstance.py:3503} INFO - 0 downstream tasks scheduled from follow-on schedule check
[2025-11-02T19:23:02.253+0000] {local_task_job_runner.py:222} INFO - ::endgroup::
