[2025-11-02T19:06:36.269+0000] {local_task_job_runner.py:120} INFO - ::group::Pre task execution logs
[2025-11-02T19:06:36.394+0000] {taskinstance.py:2076} INFO - Dependencies all met for dep_context=non-requeueable deps ti=<TaskInstance: dbt_duckdb_run.presentation_models.run_application_agg scheduled__2025-11-01T06:00:00+00:00 [queued]>
[2025-11-02T19:06:36.454+0000] {taskinstance.py:2076} INFO - Dependencies all met for dep_context=requeueable deps ti=<TaskInstance: dbt_duckdb_run.presentation_models.run_application_agg scheduled__2025-11-01T06:00:00+00:00 [queued]>
[2025-11-02T19:06:36.458+0000] {taskinstance.py:2306} INFO - Starting attempt 1 of 1
[2025-11-02T19:06:36.499+0000] {taskinstance.py:2330} INFO - Executing <Task(BashOperator): presentation_models.run_application_agg> on 2025-11-01 06:00:00+00:00
[2025-11-02T19:06:36.541+0000] {logging_mixin.py:188} WARNING - /home/***/.local/lib/python3.12/site-packages/***/task/task_runner/standard_task_runner.py:62 DeprecationWarning: This process (pid=11816) is multi-threaded, use of fork() may lead to deadlocks in the child.
[2025-11-02T19:06:36.546+0000] {standard_task_runner.py:64} INFO - Started process 11822 to run task
[2025-11-02T19:06:36.553+0000] {standard_task_runner.py:90} INFO - Running: ['***', 'tasks', 'run', 'dbt_duckdb_run', 'presentation_models.run_application_agg', 'scheduled__2025-11-01T06:00:00+00:00', '--job-id', '6', '--raw', '--subdir', 'DAGS_FOLDER/dbt_dag.py', '--cfg-path', '/tmp/tmp0wraax0j']
[2025-11-02T19:06:36.562+0000] {standard_task_runner.py:91} INFO - Job 6: Subtask presentation_models.run_application_agg
[2025-11-02T19:06:36.780+0000] {task_command.py:426} INFO - Running <TaskInstance: dbt_duckdb_run.presentation_models.run_application_agg scheduled__2025-11-01T06:00:00+00:00 [running]> on host 3ad6f99bc9d3
[2025-11-02T19:06:37.072+0000] {taskinstance.py:2648} INFO - Exporting env vars: AIRFLOW_CTX_DAG_OWNER='***' AIRFLOW_CTX_DAG_ID='dbt_duckdb_run' AIRFLOW_CTX_TASK_ID='presentation_models.run_application_agg' AIRFLOW_CTX_EXECUTION_DATE='2025-11-01T06:00:00+00:00' AIRFLOW_CTX_TRY_NUMBER='1' AIRFLOW_CTX_DAG_RUN_ID='scheduled__2025-11-01T06:00:00+00:00'
[2025-11-02T19:06:37.077+0000] {taskinstance.py:430} INFO - ::endgroup::
[2025-11-02T19:06:37.132+0000] {subprocess.py:63} INFO - Tmp dir root location: /tmp
[2025-11-02T19:06:37.134+0000] {subprocess.py:75} INFO - Running command: ['/usr/bin/bash', '-c', 'cd /opt/***/dbt && source venv/bin/activate && dbt run --select application_agg']
[2025-11-02T19:06:37.159+0000] {subprocess.py:86} INFO - Output:
[2025-11-02T19:06:44.673+0000] {subprocess.py:93} INFO - Usage: dbt run [OPTIONS]
[2025-11-02T19:06:44.674+0000] {subprocess.py:93} INFO - Try 'dbt run -h' for help.
[2025-11-02T19:06:44.679+0000] {subprocess.py:93} INFO - 
[2025-11-02T19:06:44.687+0000] {subprocess.py:93} INFO - Error: Invalid value for '--profiles-dir': Path '/home/***/.dbt' does not exist.
[2025-11-02T19:06:45.133+0000] {subprocess.py:97} INFO - Command exited with return code 2
[2025-11-02T19:06:45.134+0000] {taskinstance.py:441} INFO - ::group::Post task execution logs
[2025-11-02T19:06:45.152+0000] {taskinstance.py:2905} ERROR - Task failed with exception
Traceback (most recent call last):
  File "/home/airflow/.local/lib/python3.12/site-packages/airflow/models/taskinstance.py", line 465, in _execute_task
    result = _execute_callable(context=context, **execute_callable_kwargs)
             ^^^^^^^^^^^^^^^^^^^^^^^^^^^^^^^^^^^^^^^^^^^^^^^^^^^^^^^^^^^^^
  File "/home/airflow/.local/lib/python3.12/site-packages/airflow/models/taskinstance.py", line 432, in _execute_callable
    return execute_callable(context=context, **execute_callable_kwargs)
           ^^^^^^^^^^^^^^^^^^^^^^^^^^^^^^^^^^^^^^^^^^^^^^^^^^^^^^^^^^^^
  File "/home/airflow/.local/lib/python3.12/site-packages/airflow/models/baseoperator.py", line 401, in wrapper
    return func(self, *args, **kwargs)
           ^^^^^^^^^^^^^^^^^^^^^^^^^^^
  File "/home/airflow/.local/lib/python3.12/site-packages/airflow/operators/bash.py", line 243, in execute
    raise AirflowException(
airflow.exceptions.AirflowException: Bash command failed. The command returned a non-zero exit code 2.
[2025-11-02T19:06:45.177+0000] {taskinstance.py:1206} INFO - Marking task as FAILED. dag_id=dbt_duckdb_run, task_id=presentation_models.run_application_agg, run_id=scheduled__2025-11-01T06:00:00+00:00, execution_date=20251101T060000, start_date=20251102T190636, end_date=20251102T190645
[2025-11-02T19:06:45.236+0000] {standard_task_runner.py:110} ERROR - Failed to execute job 6 for task presentation_models.run_application_agg (Bash command failed. The command returned a non-zero exit code 2.; 11822)
[2025-11-02T19:06:45.319+0000] {local_task_job_runner.py:243} INFO - Task exited with return code 1
[2025-11-02T19:06:45.346+0000] {local_task_job_runner.py:222} INFO - ::endgroup::
