[2025-11-02T20:06:34.022+0000] {local_task_job_runner.py:120} INFO - ::group::Pre task execution logs
[2025-11-02T20:06:34.054+0000] {taskinstance.py:2076} INFO - Dependencies all met for dep_context=non-requeueable deps ti=<TaskInstance: dbt_duckdb_run.presentation_models.run_customer_detail scheduled__2025-11-01T06:00:00+00:00 [queued]>
[2025-11-02T20:06:34.066+0000] {taskinstance.py:2076} INFO - Dependencies all met for dep_context=requeueable deps ti=<TaskInstance: dbt_duckdb_run.presentation_models.run_customer_detail scheduled__2025-11-01T06:00:00+00:00 [queued]>
[2025-11-02T20:06:34.068+0000] {taskinstance.py:2306} INFO - Starting attempt 6 of 6
[2025-11-02T20:06:34.088+0000] {taskinstance.py:2330} INFO - Executing <Task(BashOperator): presentation_models.run_customer_detail> on 2025-11-01 06:00:00+00:00
[2025-11-02T20:06:34.107+0000] {logging_mixin.py:188} WARNING - /home/***/.local/lib/python3.12/site-packages/***/task/task_runner/standard_task_runner.py:62 DeprecationWarning: This process (pid=342) is multi-threaded, use of fork() may lead to deadlocks in the child.
[2025-11-02T20:06:34.111+0000] {standard_task_runner.py:64} INFO - Started process 351 to run task
[2025-11-02T20:06:34.110+0000] {standard_task_runner.py:90} INFO - Running: ['***', 'tasks', 'run', 'dbt_duckdb_run', 'presentation_models.run_customer_detail', 'scheduled__2025-11-01T06:00:00+00:00', '--job-id', '50', '--raw', '--subdir', 'DAGS_FOLDER/dbt_dag.py', '--cfg-path', '/tmp/tmpo0zsgdm1']
[2025-11-02T20:06:34.113+0000] {standard_task_runner.py:91} INFO - Job 50: Subtask presentation_models.run_customer_detail
[2025-11-02T20:06:34.182+0000] {task_command.py:426} INFO - Running <TaskInstance: dbt_duckdb_run.presentation_models.run_customer_detail scheduled__2025-11-01T06:00:00+00:00 [running]> on host f2c9ce85a4c2
[2025-11-02T20:06:34.276+0000] {taskinstance.py:2648} INFO - Exporting env vars: AIRFLOW_CTX_DAG_OWNER='***' AIRFLOW_CTX_DAG_ID='dbt_duckdb_run' AIRFLOW_CTX_TASK_ID='presentation_models.run_customer_detail' AIRFLOW_CTX_EXECUTION_DATE='2025-11-01T06:00:00+00:00' AIRFLOW_CTX_TRY_NUMBER='6' AIRFLOW_CTX_DAG_RUN_ID='scheduled__2025-11-01T06:00:00+00:00'
[2025-11-02T20:06:34.279+0000] {taskinstance.py:430} INFO - ::endgroup::
[2025-11-02T20:06:34.296+0000] {subprocess.py:63} INFO - Tmp dir root location: /tmp
[2025-11-02T20:06:34.297+0000] {subprocess.py:75} INFO - Running command: ['/usr/bin/bash', '-c', 'cd /opt/***/dbt && source venv/bin/activate && dbt run --select customer_detail ']
[2025-11-02T20:06:34.306+0000] {subprocess.py:86} INFO - Output:
[2025-11-02T20:06:38.484+0000] {subprocess.py:93} INFO - Usage: dbt run [OPTIONS]
[2025-11-02T20:06:38.485+0000] {subprocess.py:93} INFO - Try 'dbt run -h' for help.
[2025-11-02T20:06:38.485+0000] {subprocess.py:93} INFO - 
[2025-11-02T20:06:38.486+0000] {subprocess.py:93} INFO - Error: Invalid value for '--profiles-dir': Path '/home/***/.dbt' does not exist.
[2025-11-02T20:06:38.846+0000] {subprocess.py:97} INFO - Command exited with return code 2
[2025-11-02T20:06:38.847+0000] {taskinstance.py:441} INFO - ::group::Post task execution logs
[2025-11-02T20:06:38.862+0000] {taskinstance.py:2905} ERROR - Task failed with exception
Traceback (most recent call last):
  File "/home/airflow/.local/lib/python3.12/site-packages/airflow/models/taskinstance.py", line 465, in _execute_task
    result = _execute_callable(context=context, **execute_callable_kwargs)
             ^^^^^^^^^^^^^^^^^^^^^^^^^^^^^^^^^^^^^^^^^^^^^^^^^^^^^^^^^^^^^
  File "/home/airflow/.local/lib/python3.12/site-packages/airflow/models/taskinstance.py", line 432, in _execute_callable
    return execute_callable(context=context, **execute_callable_kwargs)
           ^^^^^^^^^^^^^^^^^^^^^^^^^^^^^^^^^^^^^^^^^^^^^^^^^^^^^^^^^^^^
  File "/home/airflow/.local/lib/python3.12/site-packages/airflow/models/baseoperator.py", line 401, in wrapper
    return func(self, *args, **kwargs)
           ^^^^^^^^^^^^^^^^^^^^^^^^^^^
  File "/home/airflow/.local/lib/python3.12/site-packages/airflow/operators/bash.py", line 243, in execute
    raise AirflowException(
airflow.exceptions.AirflowException: Bash command failed. The command returned a non-zero exit code 2.
[2025-11-02T20:06:38.868+0000] {taskinstance.py:1206} INFO - Marking task as FAILED. dag_id=dbt_duckdb_run, task_id=presentation_models.run_customer_detail, run_id=scheduled__2025-11-01T06:00:00+00:00, execution_date=20251101T060000, start_date=20251102T200634, end_date=20251102T200638
[2025-11-02T20:06:38.895+0000] {standard_task_runner.py:110} ERROR - Failed to execute job 50 for task presentation_models.run_customer_detail (Bash command failed. The command returned a non-zero exit code 2.; 351)
[2025-11-02T20:06:38.910+0000] {local_task_job_runner.py:243} INFO - Task exited with return code 1
[2025-11-02T20:06:38.942+0000] {taskinstance.py:3503} INFO - 0 downstream tasks scheduled from follow-on schedule check
[2025-11-02T20:06:38.944+0000] {local_task_job_runner.py:222} INFO - ::endgroup::
