[2025-11-02T20:23:35.282+0000] {local_task_job_runner.py:120} INFO - ::group::Pre task execution logs
[2025-11-02T20:23:35.317+0000] {taskinstance.py:2076} INFO - Dependencies all met for dep_context=non-requeueable deps ti=<TaskInstance: dbt_duckdb_run.presentation_models.run_customer_detail scheduled__2025-11-01T06:00:00+00:00 [queued]>
[2025-11-02T20:23:35.325+0000] {taskinstance.py:2076} INFO - Dependencies all met for dep_context=requeueable deps ti=<TaskInstance: dbt_duckdb_run.presentation_models.run_customer_detail scheduled__2025-11-01T06:00:00+00:00 [queued]>
[2025-11-02T20:23:35.326+0000] {taskinstance.py:2306} INFO - Starting attempt 8 of 8
[2025-11-02T20:23:35.337+0000] {taskinstance.py:2330} INFO - Executing <Task(BashOperator): presentation_models.run_customer_detail> on 2025-11-01 06:00:00+00:00
[2025-11-02T20:23:35.344+0000] {logging_mixin.py:188} WARNING - /home/***/.local/lib/python3.12/site-packages/***/task/task_runner/standard_task_runner.py:62 DeprecationWarning: This process (pid=410) is multi-threaded, use of fork() may lead to deadlocks in the child.
[2025-11-02T20:23:35.345+0000] {standard_task_runner.py:64} INFO - Started process 416 to run task
[2025-11-02T20:23:35.346+0000] {standard_task_runner.py:90} INFO - Running: ['***', 'tasks', 'run', 'dbt_duckdb_run', 'presentation_models.run_customer_detail', 'scheduled__2025-11-01T06:00:00+00:00', '--job-id', '63', '--raw', '--subdir', 'DAGS_FOLDER/dbt_dag.py', '--cfg-path', '/tmp/tmpal_1166g']
[2025-11-02T20:23:35.348+0000] {standard_task_runner.py:91} INFO - Job 63: Subtask presentation_models.run_customer_detail
[2025-11-02T20:23:35.429+0000] {task_command.py:426} INFO - Running <TaskInstance: dbt_duckdb_run.presentation_models.run_customer_detail scheduled__2025-11-01T06:00:00+00:00 [running]> on host 3d0082094d3e
[2025-11-02T20:23:35.515+0000] {taskinstance.py:2648} INFO - Exporting env vars: AIRFLOW_CTX_DAG_OWNER='***' AIRFLOW_CTX_DAG_ID='dbt_duckdb_run' AIRFLOW_CTX_TASK_ID='presentation_models.run_customer_detail' AIRFLOW_CTX_EXECUTION_DATE='2025-11-01T06:00:00+00:00' AIRFLOW_CTX_TRY_NUMBER='8' AIRFLOW_CTX_DAG_RUN_ID='scheduled__2025-11-01T06:00:00+00:00'
[2025-11-02T20:23:35.516+0000] {taskinstance.py:430} INFO - ::endgroup::
[2025-11-02T20:23:35.537+0000] {subprocess.py:63} INFO - Tmp dir root location: /tmp
[2025-11-02T20:23:35.541+0000] {subprocess.py:75} INFO - Running command: ['/usr/bin/bash', '-c', 'cd /opt/***/dbt && source venv/bin/activate && dbt run --select customer_detail ']
[2025-11-02T20:23:35.554+0000] {subprocess.py:86} INFO - Output:
[2025-11-02T20:23:46.268+0000] {subprocess.py:93} INFO - [0m20:23:46  Running with dbt=1.10.13
[2025-11-02T20:23:47.191+0000] {subprocess.py:93} INFO - [0m20:23:47  Registered adapter: duckdb=1.9.6
[2025-11-02T20:23:47.980+0000] {subprocess.py:93} INFO - [0m20:23:47  Unable to do partial parsing because profile has changed
[2025-11-02T20:23:48.043+0000] {subprocess.py:93} INFO - [0m20:23:48  [[33mWARNING[0m][DuplicateYAMLKeysDeprecation]: Deprecated functionality
[2025-11-02T20:23:48.044+0000] {subprocess.py:93} INFO - Duplicate key 'column_name' in "<unicode string>", line 11, column 11 in file
[2025-11-02T20:23:48.044+0000] {subprocess.py:93} INFO - `models/structured/schema.yml`
[2025-11-02T20:23:51.114+0000] {subprocess.py:93} INFO - [0m20:23:51  Found 6 models, 12 data tests, 1 source, 444 macros
[2025-11-02T20:23:51.117+0000] {subprocess.py:93} INFO - [0m20:23:51
[2025-11-02T20:23:51.118+0000] {subprocess.py:93} INFO - [0m20:23:51  Concurrency: 4 threads (target='dev')
[2025-11-02T20:23:51.119+0000] {subprocess.py:93} INFO - [0m20:23:51
[2025-11-02T20:23:51.466+0000] {subprocess.py:93} INFO - [0m20:23:51
[2025-11-02T20:23:51.467+0000] {subprocess.py:93} INFO - [0m20:23:51  Finished running  in 0 hours 0 minutes and 0.35 seconds (0.35s).
[2025-11-02T20:23:51.469+0000] {subprocess.py:93} INFO - [0m20:23:51  Encountered an error:
[2025-11-02T20:23:51.470+0000] {subprocess.py:93} INFO - Runtime Error
[2025-11-02T20:23:51.470+0000] {subprocess.py:93} INFO -   IO Error: Could not set lock on file "/opt/***/dbt/./my_dbt.duckdb": Conflicting lock is held in /usr/local/bin/python3.12 (PID 423). See also https://duckdb.org/docs/stable/connect/concurrency
[2025-11-02T20:23:51.472+0000] {subprocess.py:93} INFO - [0m20:23:51  [[33mWARNING[0m][DeprecationsSummary]: Deprecated functionality
[2025-11-02T20:23:51.472+0000] {subprocess.py:93} INFO - Summary of encountered deprecations:
[2025-11-02T20:23:51.473+0000] {subprocess.py:93} INFO - - DuplicateYAMLKeysDeprecation: 5 occurrences
[2025-11-02T20:23:51.473+0000] {subprocess.py:93} INFO - To see all deprecation instances instead of just the first occurrence of each,
[2025-11-02T20:23:51.474+0000] {subprocess.py:93} INFO - run command again with the `--show-all-deprecations` flag. You may also need to
[2025-11-02T20:23:51.475+0000] {subprocess.py:93} INFO - run with `--no-partial-parse` as some deprecations are only encountered during
[2025-11-02T20:23:51.475+0000] {subprocess.py:93} INFO - parsing.
[2025-11-02T20:23:52.576+0000] {subprocess.py:97} INFO - Command exited with return code 2
[2025-11-02T20:23:52.580+0000] {taskinstance.py:441} INFO - ::group::Post task execution logs
[2025-11-02T20:23:52.640+0000] {taskinstance.py:2905} ERROR - Task failed with exception
Traceback (most recent call last):
  File "/home/airflow/.local/lib/python3.12/site-packages/airflow/models/taskinstance.py", line 465, in _execute_task
    result = _execute_callable(context=context, **execute_callable_kwargs)
             ^^^^^^^^^^^^^^^^^^^^^^^^^^^^^^^^^^^^^^^^^^^^^^^^^^^^^^^^^^^^^
  File "/home/airflow/.local/lib/python3.12/site-packages/airflow/models/taskinstance.py", line 432, in _execute_callable
    return execute_callable(context=context, **execute_callable_kwargs)
           ^^^^^^^^^^^^^^^^^^^^^^^^^^^^^^^^^^^^^^^^^^^^^^^^^^^^^^^^^^^^
  File "/home/airflow/.local/lib/python3.12/site-packages/airflow/models/baseoperator.py", line 401, in wrapper
    return func(self, *args, **kwargs)
           ^^^^^^^^^^^^^^^^^^^^^^^^^^^
  File "/home/airflow/.local/lib/python3.12/site-packages/airflow/operators/bash.py", line 243, in execute
    raise AirflowException(
airflow.exceptions.AirflowException: Bash command failed. The command returned a non-zero exit code 2.
[2025-11-02T20:23:52.685+0000] {taskinstance.py:1206} INFO - Marking task as FAILED. dag_id=dbt_duckdb_run, task_id=presentation_models.run_customer_detail, run_id=scheduled__2025-11-01T06:00:00+00:00, execution_date=20251101T060000, start_date=20251102T202335, end_date=20251102T202352
[2025-11-02T20:23:52.814+0000] {standard_task_runner.py:110} ERROR - Failed to execute job 63 for task presentation_models.run_customer_detail (Bash command failed. The command returned a non-zero exit code 2.; 416)
[2025-11-02T20:23:52.842+0000] {local_task_job_runner.py:243} INFO - Task exited with return code 1
[2025-11-02T20:23:52.876+0000] {local_task_job_runner.py:222} INFO - ::endgroup::
