[2025-11-02T20:13:56.182+0000] {local_task_job_runner.py:120} INFO - ::group::Pre task execution logs
[2025-11-02T20:13:56.228+0000] {taskinstance.py:2076} INFO - Dependencies all met for dep_context=non-requeueable deps ti=<TaskInstance: dbt_duckdb_run.staging_models.run_stg_loans scheduled__2025-11-01T06:00:00+00:00 [queued]>
[2025-11-02T20:13:56.238+0000] {taskinstance.py:2076} INFO - Dependencies all met for dep_context=requeueable deps ti=<TaskInstance: dbt_duckdb_run.staging_models.run_stg_loans scheduled__2025-11-01T06:00:00+00:00 [queued]>
[2025-11-02T20:13:56.238+0000] {taskinstance.py:2306} INFO - Starting attempt 7 of 7
[2025-11-02T20:13:56.249+0000] {taskinstance.py:2330} INFO - Executing <Task(BashOperator): staging_models.run_stg_loans> on 2025-11-01 06:00:00+00:00
[2025-11-02T20:13:56.256+0000] {logging_mixin.py:188} WARNING - /home/***/.local/lib/python3.12/site-packages/***/task/task_runner/standard_task_runner.py:62 DeprecationWarning: This process (pid=238) is multi-threaded, use of fork() may lead to deadlocks in the child.
[2025-11-02T20:13:56.259+0000] {standard_task_runner.py:90} INFO - Running: ['***', 'tasks', 'run', 'dbt_duckdb_run', 'staging_models.run_stg_loans', 'scheduled__2025-11-01T06:00:00+00:00', '--job-id', '54', '--raw', '--subdir', 'DAGS_FOLDER/dbt_dag.py', '--cfg-path', '/tmp/tmpb2hxweqh']
[2025-11-02T20:13:56.263+0000] {standard_task_runner.py:64} INFO - Started process 245 to run task
[2025-11-02T20:13:56.263+0000] {standard_task_runner.py:91} INFO - Job 54: Subtask staging_models.run_stg_loans
[2025-11-02T20:13:56.343+0000] {task_command.py:426} INFO - Running <TaskInstance: dbt_duckdb_run.staging_models.run_stg_loans scheduled__2025-11-01T06:00:00+00:00 [running]> on host 3d0082094d3e
[2025-11-02T20:13:56.417+0000] {taskinstance.py:2648} INFO - Exporting env vars: AIRFLOW_CTX_DAG_OWNER='***' AIRFLOW_CTX_DAG_ID='dbt_duckdb_run' AIRFLOW_CTX_TASK_ID='staging_models.run_stg_loans' AIRFLOW_CTX_EXECUTION_DATE='2025-11-01T06:00:00+00:00' AIRFLOW_CTX_TRY_NUMBER='7' AIRFLOW_CTX_DAG_RUN_ID='scheduled__2025-11-01T06:00:00+00:00'
[2025-11-02T20:13:56.421+0000] {taskinstance.py:430} INFO - ::endgroup::
[2025-11-02T20:13:56.437+0000] {subprocess.py:63} INFO - Tmp dir root location: /tmp
[2025-11-02T20:13:56.438+0000] {subprocess.py:75} INFO - Running command: ['/usr/bin/bash', '-c', 'cd /opt/***/dbt && source venv/bin/activate && dbt run --select stg_loans ']
[2025-11-02T20:13:56.455+0000] {subprocess.py:86} INFO - Output:
[2025-11-02T20:14:00.502+0000] {subprocess.py:93} INFO - Usage: dbt run [OPTIONS]
[2025-11-02T20:14:00.502+0000] {subprocess.py:93} INFO - Try 'dbt run -h' for help.
[2025-11-02T20:14:00.503+0000] {subprocess.py:93} INFO - 
[2025-11-02T20:14:00.503+0000] {subprocess.py:93} INFO - Error: Invalid value for '--profiles-dir': Path '/home/***/.dbt' does not exist.
[2025-11-02T20:14:00.809+0000] {subprocess.py:97} INFO - Command exited with return code 2
[2025-11-02T20:14:00.811+0000] {taskinstance.py:441} INFO - ::group::Post task execution logs
[2025-11-02T20:14:00.828+0000] {taskinstance.py:2905} ERROR - Task failed with exception
Traceback (most recent call last):
  File "/home/airflow/.local/lib/python3.12/site-packages/airflow/models/taskinstance.py", line 465, in _execute_task
    result = _execute_callable(context=context, **execute_callable_kwargs)
             ^^^^^^^^^^^^^^^^^^^^^^^^^^^^^^^^^^^^^^^^^^^^^^^^^^^^^^^^^^^^^
  File "/home/airflow/.local/lib/python3.12/site-packages/airflow/models/taskinstance.py", line 432, in _execute_callable
    return execute_callable(context=context, **execute_callable_kwargs)
           ^^^^^^^^^^^^^^^^^^^^^^^^^^^^^^^^^^^^^^^^^^^^^^^^^^^^^^^^^^^^
  File "/home/airflow/.local/lib/python3.12/site-packages/airflow/models/baseoperator.py", line 401, in wrapper
    return func(self, *args, **kwargs)
           ^^^^^^^^^^^^^^^^^^^^^^^^^^^
  File "/home/airflow/.local/lib/python3.12/site-packages/airflow/operators/bash.py", line 243, in execute
    raise AirflowException(
airflow.exceptions.AirflowException: Bash command failed. The command returned a non-zero exit code 2.
[2025-11-02T20:14:00.833+0000] {taskinstance.py:1206} INFO - Marking task as FAILED. dag_id=dbt_duckdb_run, task_id=staging_models.run_stg_loans, run_id=scheduled__2025-11-01T06:00:00+00:00, execution_date=20251101T060000, start_date=20251102T201356, end_date=20251102T201400
[2025-11-02T20:14:00.848+0000] {standard_task_runner.py:110} ERROR - Failed to execute job 54 for task staging_models.run_stg_loans (Bash command failed. The command returned a non-zero exit code 2.; 245)
[2025-11-02T20:14:00.888+0000] {local_task_job_runner.py:243} INFO - Task exited with return code 1
[2025-11-02T20:14:00.905+0000] {local_task_job_runner.py:222} INFO - ::endgroup::
