[2025-11-02T20:28:01.130+0000] {local_task_job_runner.py:120} INFO - ::group::Pre task execution logs
[2025-11-02T20:28:01.162+0000] {taskinstance.py:2076} INFO - Dependencies all met for dep_context=non-requeueable deps ti=<TaskInstance: dbt_duckdb_run.staging_models.run_stg_loans scheduled__2025-11-01T06:00:00+00:00 [queued]>
[2025-11-02T20:28:01.170+0000] {taskinstance.py:2076} INFO - Dependencies all met for dep_context=requeueable deps ti=<TaskInstance: dbt_duckdb_run.staging_models.run_stg_loans scheduled__2025-11-01T06:00:00+00:00 [queued]>
[2025-11-02T20:28:01.170+0000] {taskinstance.py:2306} INFO - Starting attempt 9 of 9
[2025-11-02T20:28:01.186+0000] {taskinstance.py:2330} INFO - Executing <Task(BashOperator): staging_models.run_stg_loans> on 2025-11-01 06:00:00+00:00
[2025-11-02T20:28:01.193+0000] {logging_mixin.py:188} WARNING - /home/***/.local/lib/python3.12/site-packages/***/task/task_runner/standard_task_runner.py:62 DeprecationWarning: This process (pid=245) is multi-threaded, use of fork() may lead to deadlocks in the child.
[2025-11-02T20:28:01.194+0000] {standard_task_runner.py:64} INFO - Started process 253 to run task
[2025-11-02T20:28:01.194+0000] {standard_task_runner.py:90} INFO - Running: ['***', 'tasks', 'run', 'dbt_duckdb_run', 'staging_models.run_stg_loans', 'scheduled__2025-11-01T06:00:00+00:00', '--job-id', '75', '--raw', '--subdir', 'DAGS_FOLDER/dbt_dag.py', '--cfg-path', '/tmp/tmp8ndvru8m']
[2025-11-02T20:28:01.196+0000] {standard_task_runner.py:91} INFO - Job 75: Subtask staging_models.run_stg_loans
[2025-11-02T20:28:01.245+0000] {task_command.py:426} INFO - Running <TaskInstance: dbt_duckdb_run.staging_models.run_stg_loans scheduled__2025-11-01T06:00:00+00:00 [running]> on host d5e910245007
[2025-11-02T20:28:01.317+0000] {taskinstance.py:2648} INFO - Exporting env vars: AIRFLOW_CTX_DAG_OWNER='***' AIRFLOW_CTX_DAG_ID='dbt_duckdb_run' AIRFLOW_CTX_TASK_ID='staging_models.run_stg_loans' AIRFLOW_CTX_EXECUTION_DATE='2025-11-01T06:00:00+00:00' AIRFLOW_CTX_TRY_NUMBER='9' AIRFLOW_CTX_DAG_RUN_ID='scheduled__2025-11-01T06:00:00+00:00'
[2025-11-02T20:28:01.317+0000] {taskinstance.py:430} INFO - ::endgroup::
[2025-11-02T20:28:01.330+0000] {subprocess.py:63} INFO - Tmp dir root location: /tmp
[2025-11-02T20:28:01.332+0000] {subprocess.py:75} INFO - Running command: ['/usr/bin/bash', '-c', 'cd /opt/***/dbt && source venv/bin/activate && dbt run --select stg_loans ']
[2025-11-02T20:28:01.338+0000] {subprocess.py:86} INFO - Output:
[2025-11-02T20:28:07.605+0000] {subprocess.py:93} INFO - [0m20:28:07  Running with dbt=1.10.13
[2025-11-02T20:28:08.404+0000] {subprocess.py:93} INFO - [0m20:28:08  Registered adapter: duckdb=1.9.6
[2025-11-02T20:28:09.659+0000] {subprocess.py:93} INFO - [0m20:28:09  Found 6 models, 12 data tests, 1 source, 444 macros
[2025-11-02T20:28:09.663+0000] {subprocess.py:93} INFO - [0m20:28:09
[2025-11-02T20:28:09.665+0000] {subprocess.py:93} INFO - [0m20:28:09  Concurrency: 4 threads (target='dev')
[2025-11-02T20:28:09.666+0000] {subprocess.py:93} INFO - [0m20:28:09
[2025-11-02T20:28:10.137+0000] {subprocess.py:93} INFO - [0m20:28:10
[2025-11-02T20:28:10.138+0000] {subprocess.py:93} INFO - [0m20:28:10  Finished running  in 0 hours 0 minutes and 0.47 seconds (0.47s).
[2025-11-02T20:28:10.139+0000] {subprocess.py:93} INFO - [0m20:28:10  Encountered an error:
[2025-11-02T20:28:10.140+0000] {subprocess.py:93} INFO - Runtime Error
[2025-11-02T20:28:10.140+0000] {subprocess.py:93} INFO -   IO Error: Could not set lock on file "/opt/***/dbt/./my_dbt.duckdb": Conflicting lock is held in /usr/local/bin/python3.12 (PID 255). See also https://duckdb.org/docs/stable/connect/concurrency
[2025-11-02T20:28:11.032+0000] {subprocess.py:97} INFO - Command exited with return code 2
[2025-11-02T20:28:11.035+0000] {taskinstance.py:441} INFO - ::group::Post task execution logs
[2025-11-02T20:28:11.056+0000] {taskinstance.py:2905} ERROR - Task failed with exception
Traceback (most recent call last):
  File "/home/airflow/.local/lib/python3.12/site-packages/airflow/models/taskinstance.py", line 465, in _execute_task
    result = _execute_callable(context=context, **execute_callable_kwargs)
             ^^^^^^^^^^^^^^^^^^^^^^^^^^^^^^^^^^^^^^^^^^^^^^^^^^^^^^^^^^^^^
  File "/home/airflow/.local/lib/python3.12/site-packages/airflow/models/taskinstance.py", line 432, in _execute_callable
    return execute_callable(context=context, **execute_callable_kwargs)
           ^^^^^^^^^^^^^^^^^^^^^^^^^^^^^^^^^^^^^^^^^^^^^^^^^^^^^^^^^^^^
  File "/home/airflow/.local/lib/python3.12/site-packages/airflow/models/baseoperator.py", line 401, in wrapper
    return func(self, *args, **kwargs)
           ^^^^^^^^^^^^^^^^^^^^^^^^^^^
  File "/home/airflow/.local/lib/python3.12/site-packages/airflow/operators/bash.py", line 243, in execute
    raise AirflowException(
airflow.exceptions.AirflowException: Bash command failed. The command returned a non-zero exit code 2.
[2025-11-02T20:28:11.061+0000] {taskinstance.py:1206} INFO - Marking task as FAILED. dag_id=dbt_duckdb_run, task_id=staging_models.run_stg_loans, run_id=scheduled__2025-11-01T06:00:00+00:00, execution_date=20251101T060000, start_date=20251102T202801, end_date=20251102T202811
[2025-11-02T20:28:11.077+0000] {standard_task_runner.py:110} ERROR - Failed to execute job 75 for task staging_models.run_stg_loans (Bash command failed. The command returned a non-zero exit code 2.; 253)
[2025-11-02T20:28:11.128+0000] {local_task_job_runner.py:243} INFO - Task exited with return code 1
[2025-11-02T20:28:11.143+0000] {taskinstance.py:3503} INFO - 0 downstream tasks scheduled from follow-on schedule check
[2025-11-02T20:28:11.145+0000] {local_task_job_runner.py:222} INFO - ::endgroup::
