[2025-11-02T20:04:50.991+0000] {local_task_job_runner.py:120} INFO - ::group::Pre task execution logs
[2025-11-02T20:04:51.040+0000] {taskinstance.py:2076} INFO - Dependencies all met for dep_context=non-requeueable deps ti=<TaskInstance: dbt_duckdb_run.structured_models.run_dim_customer scheduled__2025-11-01T06:00:00+00:00 [queued]>
[2025-11-02T20:04:51.053+0000] {taskinstance.py:2076} INFO - Dependencies all met for dep_context=requeueable deps ti=<TaskInstance: dbt_duckdb_run.structured_models.run_dim_customer scheduled__2025-11-01T06:00:00+00:00 [queued]>
[2025-11-02T20:04:51.054+0000] {taskinstance.py:2306} INFO - Starting attempt 5 of 5
[2025-11-02T20:04:51.064+0000] {taskinstance.py:2330} INFO - Executing <Task(BashOperator): structured_models.run_dim_customer> on 2025-11-01 06:00:00+00:00
[2025-11-02T20:04:51.072+0000] {logging_mixin.py:188} WARNING - /home/***/.local/lib/python3.12/site-packages/***/task/task_runner/standard_task_runner.py:62 DeprecationWarning: This process (pid=246) is multi-threaded, use of fork() may lead to deadlocks in the child.
[2025-11-02T20:04:51.074+0000] {standard_task_runner.py:64} INFO - Started process 250 to run task
[2025-11-02T20:04:51.071+0000] {standard_task_runner.py:90} INFO - Running: ['***', 'tasks', 'run', 'dbt_duckdb_run', 'structured_models.run_dim_customer', 'scheduled__2025-11-01T06:00:00+00:00', '--job-id', '37', '--raw', '--subdir', 'DAGS_FOLDER/dbt_dag.py', '--cfg-path', '/tmp/tmp960_xb2j']
[2025-11-02T20:04:51.075+0000] {standard_task_runner.py:91} INFO - Job 37: Subtask structured_models.run_dim_customer
[2025-11-02T20:04:51.153+0000] {task_command.py:426} INFO - Running <TaskInstance: dbt_duckdb_run.structured_models.run_dim_customer scheduled__2025-11-01T06:00:00+00:00 [running]> on host f2c9ce85a4c2
[2025-11-02T20:04:51.242+0000] {taskinstance.py:2648} INFO - Exporting env vars: AIRFLOW_CTX_DAG_OWNER='***' AIRFLOW_CTX_DAG_ID='dbt_duckdb_run' AIRFLOW_CTX_TASK_ID='structured_models.run_dim_customer' AIRFLOW_CTX_EXECUTION_DATE='2025-11-01T06:00:00+00:00' AIRFLOW_CTX_TRY_NUMBER='5' AIRFLOW_CTX_DAG_RUN_ID='scheduled__2025-11-01T06:00:00+00:00'
[2025-11-02T20:04:51.243+0000] {taskinstance.py:430} INFO - ::endgroup::
[2025-11-02T20:04:51.257+0000] {subprocess.py:63} INFO - Tmp dir root location: /tmp
[2025-11-02T20:04:51.259+0000] {subprocess.py:75} INFO - Running command: ['/usr/bin/bash', '-c', 'cd /opt/***/dbt && source venv/bin/activate && dbt run --select dim_customer --project-dir /opt/***/dbt/bamboo_dbt_project --profiles-dir /opt/***/dbt']
[2025-11-02T20:04:51.269+0000] {subprocess.py:86} INFO - Output:
[2025-11-02T20:04:56.975+0000] {subprocess.py:93} INFO - Usage: dbt run [OPTIONS]
[2025-11-02T20:04:56.977+0000] {subprocess.py:93} INFO - Try 'dbt run -h' for help.
[2025-11-02T20:04:56.978+0000] {subprocess.py:93} INFO - 
[2025-11-02T20:04:56.979+0000] {subprocess.py:93} INFO - Error: Invalid value for '--project-dir': Path '/opt/***/dbt/bamboo_dbt_project' does not exist.
[2025-11-02T20:04:57.425+0000] {subprocess.py:97} INFO - Command exited with return code 2
[2025-11-02T20:04:57.427+0000] {taskinstance.py:441} INFO - ::group::Post task execution logs
[2025-11-02T20:04:57.444+0000] {taskinstance.py:2905} ERROR - Task failed with exception
Traceback (most recent call last):
  File "/home/airflow/.local/lib/python3.12/site-packages/airflow/models/taskinstance.py", line 465, in _execute_task
    result = _execute_callable(context=context, **execute_callable_kwargs)
             ^^^^^^^^^^^^^^^^^^^^^^^^^^^^^^^^^^^^^^^^^^^^^^^^^^^^^^^^^^^^^
  File "/home/airflow/.local/lib/python3.12/site-packages/airflow/models/taskinstance.py", line 432, in _execute_callable
    return execute_callable(context=context, **execute_callable_kwargs)
           ^^^^^^^^^^^^^^^^^^^^^^^^^^^^^^^^^^^^^^^^^^^^^^^^^^^^^^^^^^^^
  File "/home/airflow/.local/lib/python3.12/site-packages/airflow/models/baseoperator.py", line 401, in wrapper
    return func(self, *args, **kwargs)
           ^^^^^^^^^^^^^^^^^^^^^^^^^^^
  File "/home/airflow/.local/lib/python3.12/site-packages/airflow/operators/bash.py", line 243, in execute
    raise AirflowException(
airflow.exceptions.AirflowException: Bash command failed. The command returned a non-zero exit code 2.
[2025-11-02T20:04:57.452+0000] {taskinstance.py:1206} INFO - Marking task as FAILED. dag_id=dbt_duckdb_run, task_id=structured_models.run_dim_customer, run_id=scheduled__2025-11-01T06:00:00+00:00, execution_date=20251101T060000, start_date=20251102T200451, end_date=20251102T200457
[2025-11-02T20:04:57.482+0000] {standard_task_runner.py:110} ERROR - Failed to execute job 37 for task structured_models.run_dim_customer (Bash command failed. The command returned a non-zero exit code 2.; 250)
[2025-11-02T20:04:57.514+0000] {local_task_job_runner.py:243} INFO - Task exited with return code 1
[2025-11-02T20:04:57.545+0000] {taskinstance.py:3503} INFO - 0 downstream tasks scheduled from follow-on schedule check
[2025-11-02T20:04:57.558+0000] {local_task_job_runner.py:222} INFO - ::endgroup::
