[2025-11-02T20:28:01.117+0000] {local_task_job_runner.py:120} INFO - ::group::Pre task execution logs
[2025-11-02T20:28:01.145+0000] {taskinstance.py:2076} INFO - Dependencies all met for dep_context=non-requeueable deps ti=<TaskInstance: dbt_duckdb_run.structured_models.run_fact_quote scheduled__2025-11-01T06:00:00+00:00 [queued]>
[2025-11-02T20:28:01.154+0000] {taskinstance.py:2076} INFO - Dependencies all met for dep_context=requeueable deps ti=<TaskInstance: dbt_duckdb_run.structured_models.run_fact_quote scheduled__2025-11-01T06:00:00+00:00 [queued]>
[2025-11-02T20:28:01.155+0000] {taskinstance.py:2306} INFO - Starting attempt 9 of 9
[2025-11-02T20:28:01.167+0000] {taskinstance.py:2330} INFO - Executing <Task(BashOperator): structured_models.run_fact_quote> on 2025-11-01 06:00:00+00:00
[2025-11-02T20:28:01.178+0000] {standard_task_runner.py:90} INFO - Running: ['***', 'tasks', 'run', 'dbt_duckdb_run', 'structured_models.run_fact_quote', 'scheduled__2025-11-01T06:00:00+00:00', '--job-id', '71', '--raw', '--subdir', 'DAGS_FOLDER/dbt_dag.py', '--cfg-path', '/tmp/tmpii5hfwd0']
[2025-11-02T20:28:01.183+0000] {standard_task_runner.py:91} INFO - Job 71: Subtask structured_models.run_fact_quote
[2025-11-02T20:28:01.183+0000] {logging_mixin.py:188} WARNING - /home/***/.local/lib/python3.12/site-packages/***/task/task_runner/standard_task_runner.py:62 DeprecationWarning: This process (pid=247) is multi-threaded, use of fork() may lead to deadlocks in the child.
[2025-11-02T20:28:01.185+0000] {standard_task_runner.py:64} INFO - Started process 250 to run task
[2025-11-02T20:28:01.236+0000] {task_command.py:426} INFO - Running <TaskInstance: dbt_duckdb_run.structured_models.run_fact_quote scheduled__2025-11-01T06:00:00+00:00 [running]> on host d5e910245007
[2025-11-02T20:28:01.307+0000] {taskinstance.py:2648} INFO - Exporting env vars: AIRFLOW_CTX_DAG_OWNER='***' AIRFLOW_CTX_DAG_ID='dbt_duckdb_run' AIRFLOW_CTX_TASK_ID='structured_models.run_fact_quote' AIRFLOW_CTX_EXECUTION_DATE='2025-11-01T06:00:00+00:00' AIRFLOW_CTX_TRY_NUMBER='9' AIRFLOW_CTX_DAG_RUN_ID='scheduled__2025-11-01T06:00:00+00:00'
[2025-11-02T20:28:01.308+0000] {taskinstance.py:430} INFO - ::endgroup::
[2025-11-02T20:28:01.320+0000] {subprocess.py:63} INFO - Tmp dir root location: /tmp
[2025-11-02T20:28:01.322+0000] {subprocess.py:75} INFO - Running command: ['/usr/bin/bash', '-c', 'cd /opt/***/dbt && source venv/bin/activate && dbt run --select fact_quote ']
[2025-11-02T20:28:01.331+0000] {subprocess.py:86} INFO - Output:
[2025-11-02T20:28:07.641+0000] {subprocess.py:93} INFO - [0m20:28:07  Running with dbt=1.10.13
[2025-11-02T20:28:08.376+0000] {subprocess.py:93} INFO - [0m20:28:08  Registered adapter: duckdb=1.9.6
[2025-11-02T20:28:09.660+0000] {subprocess.py:93} INFO - [0m20:28:09  Found 6 models, 12 data tests, 1 source, 444 macros
[2025-11-02T20:28:09.664+0000] {subprocess.py:93} INFO - [0m20:28:09
[2025-11-02T20:28:09.665+0000] {subprocess.py:93} INFO - [0m20:28:09  Concurrency: 4 threads (target='dev')
[2025-11-02T20:28:09.667+0000] {subprocess.py:93} INFO - [0m20:28:09
[2025-11-02T20:28:10.230+0000] {subprocess.py:93} INFO - [0m20:28:10  1 of 1 START sql incremental model main_structured.fact_quote .................. [RUN]
[2025-11-02T20:28:10.312+0000] {subprocess.py:93} INFO - [0m20:28:10  1 of 1 ERROR creating sql incremental model main_structured.fact_quote ......... [[31mERROR[0m in 0.07s]
[2025-11-02T20:28:10.325+0000] {subprocess.py:93} INFO - [0m20:28:10
[2025-11-02T20:28:10.326+0000] {subprocess.py:93} INFO - [0m20:28:10  Finished running 1 incremental model in 0 hours 0 minutes and 0.66 seconds (0.66s).
[2025-11-02T20:28:10.363+0000] {subprocess.py:93} INFO - [0m20:28:10
[2025-11-02T20:28:10.363+0000] {subprocess.py:93} INFO - [0m20:28:10  [31mCompleted with 1 error, 0 partial successes, and 0 warnings:[0m
[2025-11-02T20:28:10.364+0000] {subprocess.py:93} INFO - [0m20:28:10
[2025-11-02T20:28:10.364+0000] {subprocess.py:93} INFO - [0m20:28:10  [31mFailure in model fact_quote (models/structured/fact_quote.sql)[0m
[2025-11-02T20:28:10.365+0000] {subprocess.py:93} INFO - [0m20:28:10    Runtime Error in model fact_quote (models/structured/fact_quote.sql)
[2025-11-02T20:28:10.365+0000] {subprocess.py:93} INFO -   Catalog Error: Table with name stg_loans does not exist!
[2025-11-02T20:28:10.365+0000] {subprocess.py:93} INFO -   Did you mean "pg_catalog.pg_class"?
[2025-11-02T20:28:10.365+0000] {subprocess.py:93} INFO - 
[2025-11-02T20:28:10.366+0000] {subprocess.py:93} INFO -   LINE 22: FROM "my_dbt"."main_staging"."stg_loans"
[2025-11-02T20:28:10.367+0000] {subprocess.py:93} INFO -                 ^
[2025-11-02T20:28:10.367+0000] {subprocess.py:93} INFO - [0m20:28:10
[2025-11-02T20:28:10.367+0000] {subprocess.py:93} INFO - [0m20:28:10    compiled code at target/compiled/bamboo_dbt_project/models/structured/fact_quote.sql
[2025-11-02T20:28:10.368+0000] {subprocess.py:93} INFO - [0m20:28:10
[2025-11-02T20:28:10.368+0000] {subprocess.py:93} INFO - [0m20:28:10  Done. PASS=0 WARN=0 ERROR=1 SKIP=0 NO-OP=0 TOTAL=1
[2025-11-02T20:28:11.138+0000] {subprocess.py:97} INFO - Command exited with return code 1
[2025-11-02T20:28:11.140+0000] {taskinstance.py:441} INFO - ::group::Post task execution logs
[2025-11-02T20:28:11.149+0000] {taskinstance.py:2905} ERROR - Task failed with exception
Traceback (most recent call last):
  File "/home/airflow/.local/lib/python3.12/site-packages/airflow/models/taskinstance.py", line 465, in _execute_task
    result = _execute_callable(context=context, **execute_callable_kwargs)
             ^^^^^^^^^^^^^^^^^^^^^^^^^^^^^^^^^^^^^^^^^^^^^^^^^^^^^^^^^^^^^
  File "/home/airflow/.local/lib/python3.12/site-packages/airflow/models/taskinstance.py", line 432, in _execute_callable
    return execute_callable(context=context, **execute_callable_kwargs)
           ^^^^^^^^^^^^^^^^^^^^^^^^^^^^^^^^^^^^^^^^^^^^^^^^^^^^^^^^^^^^
  File "/home/airflow/.local/lib/python3.12/site-packages/airflow/models/baseoperator.py", line 401, in wrapper
    return func(self, *args, **kwargs)
           ^^^^^^^^^^^^^^^^^^^^^^^^^^^
  File "/home/airflow/.local/lib/python3.12/site-packages/airflow/operators/bash.py", line 243, in execute
    raise AirflowException(
airflow.exceptions.AirflowException: Bash command failed. The command returned a non-zero exit code 1.
[2025-11-02T20:28:11.154+0000] {taskinstance.py:1206} INFO - Marking task as FAILED. dag_id=dbt_duckdb_run, task_id=structured_models.run_fact_quote, run_id=scheduled__2025-11-01T06:00:00+00:00, execution_date=20251101T060000, start_date=20251102T202801, end_date=20251102T202811
[2025-11-02T20:28:11.163+0000] {standard_task_runner.py:110} ERROR - Failed to execute job 71 for task structured_models.run_fact_quote (Bash command failed. The command returned a non-zero exit code 1.; 250)
[2025-11-02T20:28:11.168+0000] {local_task_job_runner.py:243} INFO - Task exited with return code 1
[2025-11-02T20:28:11.180+0000] {taskinstance.py:3503} INFO - 0 downstream tasks scheduled from follow-on schedule check
[2025-11-02T20:28:11.181+0000] {local_task_job_runner.py:222} INFO - ::endgroup::
