[2025-11-02T20:23:35.281+0000] {local_task_job_runner.py:120} INFO - ::group::Pre task execution logs
[2025-11-02T20:23:35.318+0000] {taskinstance.py:2076} INFO - Dependencies all met for dep_context=non-requeueable deps ti=<TaskInstance: dbt_duckdb_run.structured_models.run_fact_quote scheduled__2025-11-01T06:00:00+00:00 [queued]>
[2025-11-02T20:23:35.328+0000] {taskinstance.py:2076} INFO - Dependencies all met for dep_context=requeueable deps ti=<TaskInstance: dbt_duckdb_run.structured_models.run_fact_quote scheduled__2025-11-01T06:00:00+00:00 [queued]>
[2025-11-02T20:23:35.329+0000] {taskinstance.py:2306} INFO - Starting attempt 8 of 8
[2025-11-02T20:23:35.339+0000] {taskinstance.py:2330} INFO - Executing <Task(BashOperator): structured_models.run_fact_quote> on 2025-11-01 06:00:00+00:00
[2025-11-02T20:23:35.349+0000] {logging_mixin.py:188} WARNING - /home/***/.local/lib/python3.12/site-packages/***/task/task_runner/standard_task_runner.py:62 DeprecationWarning: This process (pid=413) is multi-threaded, use of fork() may lead to deadlocks in the child.
[2025-11-02T20:23:35.353+0000] {standard_task_runner.py:64} INFO - Started process 417 to run task
[2025-11-02T20:23:35.349+0000] {standard_task_runner.py:90} INFO - Running: ['***', 'tasks', 'run', 'dbt_duckdb_run', 'structured_models.run_fact_quote', 'scheduled__2025-11-01T06:00:00+00:00', '--job-id', '62', '--raw', '--subdir', 'DAGS_FOLDER/dbt_dag.py', '--cfg-path', '/tmp/tmp5bj7m3f_']
[2025-11-02T20:23:35.366+0000] {standard_task_runner.py:91} INFO - Job 62: Subtask structured_models.run_fact_quote
[2025-11-02T20:23:35.437+0000] {task_command.py:426} INFO - Running <TaskInstance: dbt_duckdb_run.structured_models.run_fact_quote scheduled__2025-11-01T06:00:00+00:00 [running]> on host 3d0082094d3e
[2025-11-02T20:23:35.524+0000] {taskinstance.py:2648} INFO - Exporting env vars: AIRFLOW_CTX_DAG_OWNER='***' AIRFLOW_CTX_DAG_ID='dbt_duckdb_run' AIRFLOW_CTX_TASK_ID='structured_models.run_fact_quote' AIRFLOW_CTX_EXECUTION_DATE='2025-11-01T06:00:00+00:00' AIRFLOW_CTX_TRY_NUMBER='8' AIRFLOW_CTX_DAG_RUN_ID='scheduled__2025-11-01T06:00:00+00:00'
[2025-11-02T20:23:35.525+0000] {taskinstance.py:430} INFO - ::endgroup::
[2025-11-02T20:23:35.548+0000] {subprocess.py:63} INFO - Tmp dir root location: /tmp
[2025-11-02T20:23:35.550+0000] {subprocess.py:75} INFO - Running command: ['/usr/bin/bash', '-c', 'cd /opt/***/dbt && source venv/bin/activate && dbt run --select fact_quote ']
[2025-11-02T20:23:35.565+0000] {subprocess.py:86} INFO - Output:
[2025-11-02T20:23:46.125+0000] {subprocess.py:93} INFO - [0m20:23:46  Running with dbt=1.10.13
[2025-11-02T20:23:47.195+0000] {subprocess.py:93} INFO - [0m20:23:47  Registered adapter: duckdb=1.9.6
[2025-11-02T20:23:47.863+0000] {subprocess.py:93} INFO - [0m20:23:47  Unable to do partial parsing because profile has changed
[2025-11-02T20:23:47.920+0000] {subprocess.py:93} INFO - [0m20:23:47  [[33mWARNING[0m][DuplicateYAMLKeysDeprecation]: Deprecated functionality
[2025-11-02T20:23:47.922+0000] {subprocess.py:93} INFO - Duplicate key 'column_name' in "<unicode string>", line 11, column 11 in file
[2025-11-02T20:23:47.924+0000] {subprocess.py:93} INFO - `models/structured/schema.yml`
[2025-11-02T20:23:50.919+0000] {subprocess.py:93} INFO - [0m20:23:50  Found 6 models, 12 data tests, 1 source, 444 macros
[2025-11-02T20:23:50.927+0000] {subprocess.py:93} INFO - [0m20:23:50
[2025-11-02T20:23:50.929+0000] {subprocess.py:93} INFO - [0m20:23:50  Concurrency: 4 threads (target='dev')
[2025-11-02T20:23:50.932+0000] {subprocess.py:93} INFO - [0m20:23:50
[2025-11-02T20:23:51.494+0000] {subprocess.py:93} INFO - [0m20:23:51  1 of 1 START sql incremental model main_structured.fact_quote .................. [RUN]
[2025-11-02T20:23:51.593+0000] {subprocess.py:93} INFO - [0m20:23:51  1 of 1 ERROR creating sql incremental model main_structured.fact_quote ......... [[31mERROR[0m in 0.09s]
[2025-11-02T20:23:51.605+0000] {subprocess.py:93} INFO - [0m20:23:51
[2025-11-02T20:23:51.606+0000] {subprocess.py:93} INFO - [0m20:23:51  Finished running 1 incremental model in 0 hours 0 minutes and 0.67 seconds (0.67s).
[2025-11-02T20:23:51.665+0000] {subprocess.py:93} INFO - [0m20:23:51
[2025-11-02T20:23:51.666+0000] {subprocess.py:93} INFO - [0m20:23:51  [31mCompleted with 1 error, 0 partial successes, and 0 warnings:[0m
[2025-11-02T20:23:51.667+0000] {subprocess.py:93} INFO - [0m20:23:51
[2025-11-02T20:23:51.668+0000] {subprocess.py:93} INFO - [0m20:23:51  [31mFailure in model fact_quote (models/structured/fact_quote.sql)[0m
[2025-11-02T20:23:51.669+0000] {subprocess.py:93} INFO - [0m20:23:51    Runtime Error in model fact_quote (models/structured/fact_quote.sql)
[2025-11-02T20:23:51.669+0000] {subprocess.py:93} INFO -   Catalog Error: Table with name stg_loans does not exist!
[2025-11-02T20:23:51.669+0000] {subprocess.py:93} INFO -   Did you mean "pg_catalog.pg_class"?
[2025-11-02T20:23:51.670+0000] {subprocess.py:93} INFO - 
[2025-11-02T20:23:51.670+0000] {subprocess.py:93} INFO -   LINE 22: FROM "my_dbt"."main_staging"."stg_loans"
[2025-11-02T20:23:51.670+0000] {subprocess.py:93} INFO -                 ^
[2025-11-02T20:23:51.671+0000] {subprocess.py:93} INFO - [0m20:23:51
[2025-11-02T20:23:51.671+0000] {subprocess.py:93} INFO - [0m20:23:51    compiled code at target/compiled/bamboo_dbt_project/models/structured/fact_quote.sql
[2025-11-02T20:23:51.671+0000] {subprocess.py:93} INFO - [0m20:23:51
[2025-11-02T20:23:51.672+0000] {subprocess.py:93} INFO - [0m20:23:51  Done. PASS=0 WARN=0 ERROR=1 SKIP=0 NO-OP=0 TOTAL=1
[2025-11-02T20:23:51.673+0000] {subprocess.py:93} INFO - [0m20:23:51  [[33mWARNING[0m][DeprecationsSummary]: Deprecated functionality
[2025-11-02T20:23:51.673+0000] {subprocess.py:93} INFO - Summary of encountered deprecations:
[2025-11-02T20:23:51.674+0000] {subprocess.py:93} INFO - - DuplicateYAMLKeysDeprecation: 5 occurrences
[2025-11-02T20:23:51.674+0000] {subprocess.py:93} INFO - To see all deprecation instances instead of just the first occurrence of each,
[2025-11-02T20:23:51.675+0000] {subprocess.py:93} INFO - run command again with the `--show-all-deprecations` flag. You may also need to
[2025-11-02T20:23:51.675+0000] {subprocess.py:93} INFO - run with `--no-partial-parse` as some deprecations are only encountered during
[2025-11-02T20:23:51.676+0000] {subprocess.py:93} INFO - parsing.
[2025-11-02T20:23:52.927+0000] {subprocess.py:97} INFO - Command exited with return code 1
[2025-11-02T20:23:52.933+0000] {taskinstance.py:441} INFO - ::group::Post task execution logs
[2025-11-02T20:23:52.980+0000] {taskinstance.py:2905} ERROR - Task failed with exception
Traceback (most recent call last):
  File "/home/airflow/.local/lib/python3.12/site-packages/airflow/models/taskinstance.py", line 465, in _execute_task
    result = _execute_callable(context=context, **execute_callable_kwargs)
             ^^^^^^^^^^^^^^^^^^^^^^^^^^^^^^^^^^^^^^^^^^^^^^^^^^^^^^^^^^^^^
  File "/home/airflow/.local/lib/python3.12/site-packages/airflow/models/taskinstance.py", line 432, in _execute_callable
    return execute_callable(context=context, **execute_callable_kwargs)
           ^^^^^^^^^^^^^^^^^^^^^^^^^^^^^^^^^^^^^^^^^^^^^^^^^^^^^^^^^^^^
  File "/home/airflow/.local/lib/python3.12/site-packages/airflow/models/baseoperator.py", line 401, in wrapper
    return func(self, *args, **kwargs)
           ^^^^^^^^^^^^^^^^^^^^^^^^^^^
  File "/home/airflow/.local/lib/python3.12/site-packages/airflow/operators/bash.py", line 243, in execute
    raise AirflowException(
airflow.exceptions.AirflowException: Bash command failed. The command returned a non-zero exit code 1.
[2025-11-02T20:23:52.988+0000] {taskinstance.py:1206} INFO - Marking task as FAILED. dag_id=dbt_duckdb_run, task_id=structured_models.run_fact_quote, run_id=scheduled__2025-11-01T06:00:00+00:00, execution_date=20251101T060000, start_date=20251102T202335, end_date=20251102T202352
[2025-11-02T20:23:53.016+0000] {standard_task_runner.py:110} ERROR - Failed to execute job 62 for task structured_models.run_fact_quote (Bash command failed. The command returned a non-zero exit code 1.; 417)
[2025-11-02T20:23:53.039+0000] {local_task_job_runner.py:243} INFO - Task exited with return code 1
[2025-11-02T20:23:53.065+0000] {taskinstance.py:3503} INFO - 0 downstream tasks scheduled from follow-on schedule check
[2025-11-02T20:23:53.066+0000] {local_task_job_runner.py:222} INFO - ::endgroup::
