[2025-11-02T21:50:57.840+0000] {local_task_job_runner.py:120} INFO - ::group::Pre task execution logs
[2025-11-02T21:50:57.860+0000] {taskinstance.py:2076} INFO - Dependencies all met for dep_context=non-requeueable deps ti=<TaskInstance: dbt_duckdb_run.run_stg_loans scheduled__2025-11-01T06:00:00+00:00 [queued]>
[2025-11-02T21:50:57.865+0000] {taskinstance.py:2076} INFO - Dependencies all met for dep_context=requeueable deps ti=<TaskInstance: dbt_duckdb_run.run_stg_loans scheduled__2025-11-01T06:00:00+00:00 [queued]>
[2025-11-02T21:50:57.866+0000] {taskinstance.py:2306} INFO - Starting attempt 4 of 4
[2025-11-02T21:50:57.873+0000] {taskinstance.py:2330} INFO - Executing <Task(BashOperator): run_stg_loans> on 2025-11-01 06:00:00+00:00
[2025-11-02T21:50:57.877+0000] {logging_mixin.py:188} WARNING - /home/***/.local/lib/python3.12/site-packages/***/task/task_runner/standard_task_runner.py:62 DeprecationWarning: This process (pid=362) is multi-threaded, use of fork() may lead to deadlocks in the child.
[2025-11-02T21:50:57.878+0000] {standard_task_runner.py:64} INFO - Started process 363 to run task
[2025-11-02T21:50:57.878+0000] {standard_task_runner.py:90} INFO - Running: ['***', 'tasks', 'run', 'dbt_duckdb_run', 'run_stg_loans', 'scheduled__2025-11-01T06:00:00+00:00', '--job-id', '89', '--raw', '--subdir', 'DAGS_FOLDER/dbt_dag.py', '--cfg-path', '/tmp/tmp8oz2g0s8']
[2025-11-02T21:50:57.879+0000] {standard_task_runner.py:91} INFO - Job 89: Subtask run_stg_loans
[2025-11-02T21:50:57.907+0000] {task_command.py:426} INFO - Running <TaskInstance: dbt_duckdb_run.run_stg_loans scheduled__2025-11-01T06:00:00+00:00 [running]> on host 9f558d84cecf
[2025-11-02T21:50:57.948+0000] {taskinstance.py:2648} INFO - Exporting env vars: AIRFLOW_CTX_DAG_OWNER='***' AIRFLOW_CTX_DAG_ID='dbt_duckdb_run' AIRFLOW_CTX_TASK_ID='run_stg_loans' AIRFLOW_CTX_EXECUTION_DATE='2025-11-01T06:00:00+00:00' AIRFLOW_CTX_TRY_NUMBER='4' AIRFLOW_CTX_DAG_RUN_ID='scheduled__2025-11-01T06:00:00+00:00'
[2025-11-02T21:50:57.948+0000] {taskinstance.py:430} INFO - ::endgroup::
[2025-11-02T21:50:57.958+0000] {subprocess.py:63} INFO - Tmp dir root location: /tmp
[2025-11-02T21:50:57.958+0000] {subprocess.py:75} INFO - Running command: ['/usr/bin/bash', '-c', 'cd /opt/***/dbt && source venv/bin/activate && dbt run --select stg_loans ']
[2025-11-02T21:50:57.963+0000] {subprocess.py:86} INFO - Output:
[2025-11-02T21:51:00.279+0000] {subprocess.py:93} INFO - [0m21:51:00  Running with dbt=1.10.13
[2025-11-02T21:51:00.662+0000] {subprocess.py:93} INFO - [0m21:51:00  Registered adapter: duckdb=1.9.6
[2025-11-02T21:51:01.003+0000] {subprocess.py:93} INFO - [0m21:51:01  Found 6 models, 12 data tests, 1 source, 444 macros
[2025-11-02T21:51:01.004+0000] {subprocess.py:93} INFO - [0m21:51:01
[2025-11-02T21:51:01.005+0000] {subprocess.py:93} INFO - [0m21:51:01  Concurrency: 4 threads (target='dev')
[2025-11-02T21:51:01.005+0000] {subprocess.py:93} INFO - [0m21:51:01
[2025-11-02T21:51:01.217+0000] {subprocess.py:93} INFO - [0m21:51:01  1 of 1 START sql incremental model main_staging.stg_loans ...................... [RUN]
[2025-11-02T21:51:01.293+0000] {subprocess.py:93} INFO - [0m21:51:01  1 of 1 ERROR creating sql incremental model main_staging.stg_loans ............. [[31mERROR[0m in 0.07s]
[2025-11-02T21:51:01.301+0000] {subprocess.py:93} INFO - [0m21:51:01
[2025-11-02T21:51:01.301+0000] {subprocess.py:93} INFO - [0m21:51:01  Finished running 1 incremental model in 0 hours 0 minutes and 0.30 seconds (0.30s).
[2025-11-02T21:51:01.333+0000] {subprocess.py:93} INFO - [0m21:51:01
[2025-11-02T21:51:01.334+0000] {subprocess.py:93} INFO - [0m21:51:01  [31mCompleted with 1 error, 0 partial successes, and 0 warnings:[0m
[2025-11-02T21:51:01.334+0000] {subprocess.py:93} INFO - [0m21:51:01
[2025-11-02T21:51:01.335+0000] {subprocess.py:93} INFO - [0m21:51:01  [31mFailure in model stg_loans (models/staging/stg_loans.sql)[0m
[2025-11-02T21:51:01.336+0000] {subprocess.py:93} INFO - [0m21:51:01    Runtime Error in model stg_loans (models/staging/stg_loans.sql)
[2025-11-02T21:51:01.336+0000] {subprocess.py:93} INFO -   Catalog Error: Table with name prd_customer_daily does not exist!
[2025-11-02T21:51:01.336+0000] {subprocess.py:93} INFO -   Did you mean "pg_catalog.pg_constraint"?
[2025-11-02T21:51:01.336+0000] {subprocess.py:93} INFO - 
[2025-11-02T21:51:01.336+0000] {subprocess.py:93} INFO -   LINE 38: FROM "my_dbt"."raw"."prd_customer_daily"
[2025-11-02T21:51:01.337+0000] {subprocess.py:93} INFO -                 ^
[2025-11-02T21:51:01.337+0000] {subprocess.py:93} INFO - [0m21:51:01
[2025-11-02T21:51:01.337+0000] {subprocess.py:93} INFO - [0m21:51:01    compiled code at target/compiled/bamboo_dbt_project/models/staging/stg_loans.sql
[2025-11-02T21:51:01.337+0000] {subprocess.py:93} INFO - [0m21:51:01
[2025-11-02T21:51:01.338+0000] {subprocess.py:93} INFO - [0m21:51:01  Done. PASS=0 WARN=0 ERROR=1 SKIP=0 NO-OP=0 TOTAL=1
[2025-11-02T21:51:02.030+0000] {subprocess.py:97} INFO - Command exited with return code 1
[2025-11-02T21:51:02.030+0000] {taskinstance.py:441} INFO - ::group::Post task execution logs
[2025-11-02T21:51:02.038+0000] {taskinstance.py:2905} ERROR - Task failed with exception
Traceback (most recent call last):
  File "/home/airflow/.local/lib/python3.12/site-packages/airflow/models/taskinstance.py", line 465, in _execute_task
    result = _execute_callable(context=context, **execute_callable_kwargs)
             ^^^^^^^^^^^^^^^^^^^^^^^^^^^^^^^^^^^^^^^^^^^^^^^^^^^^^^^^^^^^^
  File "/home/airflow/.local/lib/python3.12/site-packages/airflow/models/taskinstance.py", line 432, in _execute_callable
    return execute_callable(context=context, **execute_callable_kwargs)
           ^^^^^^^^^^^^^^^^^^^^^^^^^^^^^^^^^^^^^^^^^^^^^^^^^^^^^^^^^^^^
  File "/home/airflow/.local/lib/python3.12/site-packages/airflow/models/baseoperator.py", line 401, in wrapper
    return func(self, *args, **kwargs)
           ^^^^^^^^^^^^^^^^^^^^^^^^^^^
  File "/home/airflow/.local/lib/python3.12/site-packages/airflow/operators/bash.py", line 243, in execute
    raise AirflowException(
airflow.exceptions.AirflowException: Bash command failed. The command returned a non-zero exit code 1.
[2025-11-02T21:51:02.041+0000] {taskinstance.py:1206} INFO - Marking task as FAILED. dag_id=dbt_duckdb_run, task_id=run_stg_loans, run_id=scheduled__2025-11-01T06:00:00+00:00, execution_date=20251101T060000, start_date=20251102T215057, end_date=20251102T215102
[2025-11-02T21:51:02.050+0000] {standard_task_runner.py:110} ERROR - Failed to execute job 89 for task run_stg_loans (Bash command failed. The command returned a non-zero exit code 1.; 363)
[2025-11-02T21:51:02.090+0000] {local_task_job_runner.py:243} INFO - Task exited with return code 1
[2025-11-02T21:51:02.107+0000] {taskinstance.py:3503} INFO - 0 downstream tasks scheduled from follow-on schedule check
[2025-11-02T21:51:02.109+0000] {local_task_job_runner.py:222} INFO - ::endgroup::
