[2025-11-02T21:31:15.410+0000] {local_task_job_runner.py:120} INFO - ::group::Pre task execution logs
[2025-11-02T21:31:15.430+0000] {taskinstance.py:2076} INFO - Dependencies all met for dep_context=non-requeueable deps ti=<TaskInstance: dbt_duckdb_run.run_stg_loans scheduled__2025-11-01T06:00:00+00:00 [queued]>
[2025-11-02T21:31:15.435+0000] {taskinstance.py:2076} INFO - Dependencies all met for dep_context=requeueable deps ti=<TaskInstance: dbt_duckdb_run.run_stg_loans scheduled__2025-11-01T06:00:00+00:00 [queued]>
[2025-11-02T21:31:15.435+0000] {taskinstance.py:2306} INFO - Starting attempt 2 of 2
[2025-11-02T21:31:15.442+0000] {taskinstance.py:2330} INFO - Executing <Task(BashOperator): run_stg_loans> on 2025-11-01 06:00:00+00:00
[2025-11-02T21:31:15.446+0000] {logging_mixin.py:188} WARNING - /home/***/.local/lib/python3.12/site-packages/***/task/task_runner/standard_task_runner.py:62 DeprecationWarning: This process (pid=841) is multi-threaded, use of fork() may lead to deadlocks in the child.
[2025-11-02T21:31:15.446+0000] {standard_task_runner.py:64} INFO - Started process 842 to run task
[2025-11-02T21:31:15.446+0000] {standard_task_runner.py:90} INFO - Running: ['***', 'tasks', 'run', 'dbt_duckdb_run', 'run_stg_loans', 'scheduled__2025-11-01T06:00:00+00:00', '--job-id', '82', '--raw', '--subdir', 'DAGS_FOLDER/dbt_dag.py', '--cfg-path', '/tmp/tmp0m_fnyut']
[2025-11-02T21:31:15.447+0000] {standard_task_runner.py:91} INFO - Job 82: Subtask run_stg_loans
[2025-11-02T21:31:15.473+0000] {task_command.py:426} INFO - Running <TaskInstance: dbt_duckdb_run.run_stg_loans scheduled__2025-11-01T06:00:00+00:00 [running]> on host d5e910245007
[2025-11-02T21:31:15.518+0000] {taskinstance.py:2648} INFO - Exporting env vars: AIRFLOW_CTX_DAG_OWNER='***' AIRFLOW_CTX_DAG_ID='dbt_duckdb_run' AIRFLOW_CTX_TASK_ID='run_stg_loans' AIRFLOW_CTX_EXECUTION_DATE='2025-11-01T06:00:00+00:00' AIRFLOW_CTX_TRY_NUMBER='2' AIRFLOW_CTX_DAG_RUN_ID='scheduled__2025-11-01T06:00:00+00:00'
[2025-11-02T21:31:15.518+0000] {taskinstance.py:430} INFO - ::endgroup::
[2025-11-02T21:31:15.528+0000] {subprocess.py:63} INFO - Tmp dir root location: /tmp
[2025-11-02T21:31:15.528+0000] {subprocess.py:75} INFO - Running command: ['/usr/bin/bash', '-c', 'cd /opt/***/dbt && source venv/bin/activate && dbt run --select stg_loans ']
[2025-11-02T21:31:15.533+0000] {subprocess.py:86} INFO - Output:
[2025-11-02T21:31:17.967+0000] {subprocess.py:93} INFO - [0m21:31:17  Running with dbt=1.10.13
[2025-11-02T21:31:18.306+0000] {subprocess.py:93} INFO - [0m21:31:18  Registered adapter: duckdb=1.9.6
[2025-11-02T21:31:18.648+0000] {subprocess.py:93} INFO - [0m21:31:18  Found 6 models, 12 data tests, 1 source, 444 macros
[2025-11-02T21:31:18.649+0000] {subprocess.py:93} INFO - [0m21:31:18
[2025-11-02T21:31:18.650+0000] {subprocess.py:93} INFO - [0m21:31:18  Concurrency: 4 threads (target='dev')
[2025-11-02T21:31:18.650+0000] {subprocess.py:93} INFO - [0m21:31:18
[2025-11-02T21:31:18.874+0000] {subprocess.py:93} INFO - [0m21:31:18  1 of 1 START sql incremental model main_staging.stg_loans ...................... [RUN]
[2025-11-02T21:31:18.950+0000] {subprocess.py:93} INFO - [0m21:31:18  1 of 1 ERROR creating sql incremental model main_staging.stg_loans ............. [[31mERROR[0m in 0.07s]
[2025-11-02T21:31:18.957+0000] {subprocess.py:93} INFO - [0m21:31:18
[2025-11-02T21:31:18.958+0000] {subprocess.py:93} INFO - [0m21:31:18  Finished running 1 incremental model in 0 hours 0 minutes and 0.31 seconds (0.31s).
[2025-11-02T21:31:18.990+0000] {subprocess.py:93} INFO - [0m21:31:18
[2025-11-02T21:31:18.990+0000] {subprocess.py:93} INFO - [0m21:31:18  [31mCompleted with 1 error, 0 partial successes, and 0 warnings:[0m
[2025-11-02T21:31:18.991+0000] {subprocess.py:93} INFO - [0m21:31:18
[2025-11-02T21:31:18.991+0000] {subprocess.py:93} INFO - [0m21:31:18  [31mFailure in model stg_loans (models/staging/stg_loans.sql)[0m
[2025-11-02T21:31:18.992+0000] {subprocess.py:93} INFO - [0m21:31:18    Runtime Error in model stg_loans (models/staging/stg_loans.sql)
[2025-11-02T21:31:18.992+0000] {subprocess.py:93} INFO -   Catalog Error: Table with name prd_customer_daily does not exist!
[2025-11-02T21:31:18.993+0000] {subprocess.py:93} INFO -   Did you mean "pg_catalog.pg_constraint"?
[2025-11-02T21:31:18.993+0000] {subprocess.py:93} INFO - 
[2025-11-02T21:31:18.993+0000] {subprocess.py:93} INFO -   LINE 38: FROM "my_dbt"."raw"."prd_customer_daily"
[2025-11-02T21:31:18.994+0000] {subprocess.py:93} INFO -                 ^
[2025-11-02T21:31:18.994+0000] {subprocess.py:93} INFO - [0m21:31:18
[2025-11-02T21:31:18.995+0000] {subprocess.py:93} INFO - [0m21:31:18    compiled code at target/compiled/bamboo_dbt_project/models/staging/stg_loans.sql
[2025-11-02T21:31:18.995+0000] {subprocess.py:93} INFO - [0m21:31:18
[2025-11-02T21:31:18.996+0000] {subprocess.py:93} INFO - [0m21:31:18  Done. PASS=0 WARN=0 ERROR=1 SKIP=0 NO-OP=0 TOTAL=1
[2025-11-02T21:31:19.652+0000] {subprocess.py:97} INFO - Command exited with return code 1
[2025-11-02T21:31:19.653+0000] {taskinstance.py:441} INFO - ::group::Post task execution logs
[2025-11-02T21:31:19.660+0000] {taskinstance.py:2905} ERROR - Task failed with exception
Traceback (most recent call last):
  File "/home/airflow/.local/lib/python3.12/site-packages/airflow/models/taskinstance.py", line 465, in _execute_task
    result = _execute_callable(context=context, **execute_callable_kwargs)
             ^^^^^^^^^^^^^^^^^^^^^^^^^^^^^^^^^^^^^^^^^^^^^^^^^^^^^^^^^^^^^
  File "/home/airflow/.local/lib/python3.12/site-packages/airflow/models/taskinstance.py", line 432, in _execute_callable
    return execute_callable(context=context, **execute_callable_kwargs)
           ^^^^^^^^^^^^^^^^^^^^^^^^^^^^^^^^^^^^^^^^^^^^^^^^^^^^^^^^^^^^
  File "/home/airflow/.local/lib/python3.12/site-packages/airflow/models/baseoperator.py", line 401, in wrapper
    return func(self, *args, **kwargs)
           ^^^^^^^^^^^^^^^^^^^^^^^^^^^
  File "/home/airflow/.local/lib/python3.12/site-packages/airflow/operators/bash.py", line 243, in execute
    raise AirflowException(
airflow.exceptions.AirflowException: Bash command failed. The command returned a non-zero exit code 1.
[2025-11-02T21:31:19.663+0000] {taskinstance.py:1206} INFO - Marking task as FAILED. dag_id=dbt_duckdb_run, task_id=run_stg_loans, run_id=scheduled__2025-11-01T06:00:00+00:00, execution_date=20251101T060000, start_date=20251102T213115, end_date=20251102T213119
[2025-11-02T21:31:19.671+0000] {standard_task_runner.py:110} ERROR - Failed to execute job 82 for task run_stg_loans (Bash command failed. The command returned a non-zero exit code 1.; 842)
[2025-11-02T21:31:19.712+0000] {local_task_job_runner.py:243} INFO - Task exited with return code 1
[2025-11-02T21:31:19.729+0000] {taskinstance.py:3503} INFO - 0 downstream tasks scheduled from follow-on schedule check
[2025-11-02T21:31:19.731+0000] {local_task_job_runner.py:222} INFO - ::endgroup::
