[2025-11-03T17:02:45.982+0000] {local_task_job_runner.py:120} INFO - ::group::Pre task execution logs
[2025-11-03T17:02:46.004+0000] {taskinstance.py:2076} INFO - Dependencies all met for dep_context=non-requeueable deps ti=<TaskInstance: dbt_duckdb_run.dbt_test scheduled__2025-11-02T06:00:00+00:00 [queued]>
[2025-11-03T17:02:46.009+0000] {taskinstance.py:2076} INFO - Dependencies all met for dep_context=requeueable deps ti=<TaskInstance: dbt_duckdb_run.dbt_test scheduled__2025-11-02T06:00:00+00:00 [queued]>
[2025-11-03T17:02:46.009+0000] {taskinstance.py:2306} INFO - Starting attempt 2 of 2
[2025-11-03T17:02:46.017+0000] {taskinstance.py:2330} INFO - Executing <Task(BashOperator): dbt_test> on 2025-11-02 06:00:00+00:00
[2025-11-03T17:02:46.021+0000] {logging_mixin.py:188} WARNING - /home/***/.local/lib/python3.12/site-packages/***/task/task_runner/standard_task_runner.py:62 DeprecationWarning: This process (pid=787) is multi-threaded, use of fork() may lead to deadlocks in the child.
[2025-11-03T17:02:46.022+0000] {standard_task_runner.py:64} INFO - Started process 788 to run task
[2025-11-03T17:02:46.021+0000] {standard_task_runner.py:90} INFO - Running: ['***', 'tasks', 'run', 'dbt_duckdb_run', 'dbt_test', 'scheduled__2025-11-02T06:00:00+00:00', '--job-id', '133', '--raw', '--subdir', 'DAGS_FOLDER/dbt_dag.py', '--cfg-path', '/tmp/tmp8mg6gkkq']
[2025-11-03T17:02:46.023+0000] {standard_task_runner.py:91} INFO - Job 133: Subtask dbt_test
[2025-11-03T17:02:46.052+0000] {task_command.py:426} INFO - Running <TaskInstance: dbt_duckdb_run.dbt_test scheduled__2025-11-02T06:00:00+00:00 [running]> on host 8b2e3086e3f4
[2025-11-03T17:02:46.097+0000] {taskinstance.py:2648} INFO - Exporting env vars: AIRFLOW_CTX_DAG_OWNER='***' AIRFLOW_CTX_DAG_ID='dbt_duckdb_run' AIRFLOW_CTX_TASK_ID='dbt_test' AIRFLOW_CTX_EXECUTION_DATE='2025-11-02T06:00:00+00:00' AIRFLOW_CTX_TRY_NUMBER='2' AIRFLOW_CTX_DAG_RUN_ID='scheduled__2025-11-02T06:00:00+00:00'
[2025-11-03T17:02:46.097+0000] {taskinstance.py:430} INFO - ::endgroup::
[2025-11-03T17:02:46.109+0000] {subprocess.py:63} INFO - Tmp dir root location: /tmp
[2025-11-03T17:02:46.109+0000] {subprocess.py:75} INFO - Running command: ['/usr/bin/bash', '-c', 'cd /opt/***/dbt && source venv/bin/activate && dbt test ']
[2025-11-03T17:02:46.114+0000] {subprocess.py:86} INFO - Output:
[2025-11-03T17:02:48.199+0000] {subprocess.py:93} INFO - [0m17:02:48  Running with dbt=1.10.13
[2025-11-03T17:02:48.468+0000] {subprocess.py:93} INFO - [0m17:02:48  Registered adapter: duckdb=1.9.6
[2025-11-03T17:02:48.639+0000] {subprocess.py:93} INFO - [0m17:02:48  [[33mWARNING[0m][DuplicateYAMLKeysDeprecation]: Deprecated functionality
[2025-11-03T17:02:48.640+0000] {subprocess.py:93} INFO - Duplicate key 'column_name' in "<unicode string>", line 18, column 11 in file
[2025-11-03T17:02:48.640+0000] {subprocess.py:93} INFO - `models/presentation/schema.yml`
[2025-11-03T17:02:48.858+0000] {subprocess.py:93} INFO - [0m17:02:48  Found 6 models, 12 data tests, 1 source, 444 macros
[2025-11-03T17:02:48.860+0000] {subprocess.py:93} INFO - [0m17:02:48
[2025-11-03T17:02:48.861+0000] {subprocess.py:93} INFO - [0m17:02:48  Concurrency: 4 threads (target='dev')
[2025-11-03T17:02:48.861+0000] {subprocess.py:93} INFO - [0m17:02:48
[2025-11-03T17:02:49.027+0000] {subprocess.py:93} INFO - [0m17:02:49  1 of 12 START test not_null_application_agg_customer_ref ....................... [RUN]
[2025-11-03T17:02:49.028+0000] {subprocess.py:93} INFO - [0m17:02:49  2 of 12 START test not_null_customer_detail_customer_ref ....................... [RUN]
[2025-11-03T17:02:49.028+0000] {subprocess.py:93} INFO - [0m17:02:49  3 of 12 START test not_null_dim_applications_load_timestamp .................... [RUN]
[2025-11-03T17:02:49.029+0000] {subprocess.py:93} INFO - [0m17:02:49  4 of 12 START test not_null_dim_customer_load_timestamp ........................ [RUN]
[2025-11-03T17:02:49.105+0000] {subprocess.py:93} INFO - [0m17:02:49  2 of 12 PASS not_null_customer_detail_customer_ref ............................. [[32mPASS[0m in 0.07s]
[2025-11-03T17:02:49.105+0000] {subprocess.py:93} INFO - [0m17:02:49  1 of 12 PASS not_null_application_agg_customer_ref ............................. [[32mPASS[0m in 0.08s]
[2025-11-03T17:02:49.106+0000] {subprocess.py:93} INFO - [0m17:02:49  3 of 12 PASS not_null_dim_applications_load_timestamp .......................... [[32mPASS[0m in 0.08s]
[2025-11-03T17:02:49.108+0000] {subprocess.py:93} INFO - [0m17:02:49  4 of 12 PASS not_null_dim_customer_load_timestamp .............................. [[32mPASS[0m in 0.08s]
[2025-11-03T17:02:49.111+0000] {subprocess.py:93} INFO - [0m17:02:49  6 of 12 START test not_null_stg_loans_quote_ref ................................ [RUN]
[2025-11-03T17:02:49.111+0000] {subprocess.py:93} INFO - [0m17:02:49  5 of 12 START test not_null_fact_quote_load_timestamp .......................... [RUN]
[2025-11-03T17:02:49.112+0000] {subprocess.py:93} INFO - [0m17:02:49  7 of 12 START test unique_application_agg_customer_ref ......................... [RUN]
[2025-11-03T17:02:49.114+0000] {subprocess.py:93} INFO - [0m17:02:49  8 of 12 START test unique_customer_detail_quote_ref ............................ [RUN]
[2025-11-03T17:02:49.162+0000] {subprocess.py:93} INFO - [0m17:02:49  5 of 12 PASS not_null_fact_quote_load_timestamp ................................ [[32mPASS[0m in 0.05s]
[2025-11-03T17:02:49.170+0000] {subprocess.py:93} INFO - [0m17:02:49  6 of 12 PASS not_null_stg_loans_quote_ref ...................................... [[32mPASS[0m in 0.06s]
[2025-11-03T17:02:49.170+0000] {subprocess.py:93} INFO - [0m17:02:49  9 of 12 START test unique_dim_applications_quote_ref ........................... [RUN]
[2025-11-03T17:02:49.174+0000] {subprocess.py:93} INFO - [0m17:02:49  7 of 12 FAIL 1 unique_application_agg_customer_ref ............................. [[31mFAIL 1[0m in 0.06s]
[2025-11-03T17:02:49.177+0000] {subprocess.py:93} INFO - [0m17:02:49  10 of 12 START test unique_dim_customer_customer_ref ........................... [RUN]
[2025-11-03T17:02:49.182+0000] {subprocess.py:93} INFO - [0m17:02:49  11 of 12 START test unique_fact_quote_quote_ref ................................ [RUN]
[2025-11-03T17:02:49.197+0000] {subprocess.py:93} INFO - [0m17:02:49  8 of 12 ERROR unique_customer_detail_quote_ref ................................. [[31mERROR[0m in 0.08s]
[2025-11-03T17:02:49.205+0000] {subprocess.py:93} INFO - [0m17:02:49  12 of 12 START test unique_stg_loans_quote_ref ................................. [RUN]
[2025-11-03T17:02:49.240+0000] {subprocess.py:93} INFO - [0m17:02:49  9 of 12 PASS unique_dim_applications_quote_ref ................................. [[32mPASS[0m in 0.07s]
[2025-11-03T17:02:49.240+0000] {subprocess.py:93} INFO - [0m17:02:49  10 of 12 PASS unique_dim_customer_customer_ref ................................. [[32mPASS[0m in 0.06s]
[2025-11-03T17:02:49.247+0000] {subprocess.py:93} INFO - [0m17:02:49  11 of 12 PASS unique_fact_quote_quote_ref ...................................... [[32mPASS[0m in 0.06s]
[2025-11-03T17:02:49.251+0000] {subprocess.py:93} INFO - [0m17:02:49  12 of 12 PASS unique_stg_loans_quote_ref ....................................... [[32mPASS[0m in 0.04s]
[2025-11-03T17:02:49.258+0000] {subprocess.py:93} INFO - [0m17:02:49
[2025-11-03T17:02:49.258+0000] {subprocess.py:93} INFO - [0m17:02:49  Finished running 12 data tests in 0 hours 0 minutes and 0.40 seconds (0.40s).
[2025-11-03T17:02:49.293+0000] {subprocess.py:93} INFO - [0m17:02:49
[2025-11-03T17:02:49.293+0000] {subprocess.py:93} INFO - [0m17:02:49  [31mCompleted with 2 errors, 0 partial successes, and 0 warnings:[0m
[2025-11-03T17:02:49.294+0000] {subprocess.py:93} INFO - [0m17:02:49
[2025-11-03T17:02:49.294+0000] {subprocess.py:93} INFO - [0m17:02:49  [31mFailure in test unique_application_agg_customer_ref (models/presentation/schema.yml)[0m
[2025-11-03T17:02:49.295+0000] {subprocess.py:93} INFO - [0m17:02:49    Got 1 result, configured to fail if != 0
[2025-11-03T17:02:49.295+0000] {subprocess.py:93} INFO - [0m17:02:49
[2025-11-03T17:02:49.296+0000] {subprocess.py:93} INFO - [0m17:02:49    compiled code at target/compiled/bamboo_dbt_project/models/presentation/schema.yml/unique_application_agg_customer_ref.sql
[2025-11-03T17:02:49.297+0000] {subprocess.py:93} INFO - [0m17:02:49
[2025-11-03T17:02:49.297+0000] {subprocess.py:93} INFO - [0m17:02:49  [31mFailure in test unique_customer_detail_quote_ref (models/presentation/schema.yml)[0m
[2025-11-03T17:02:49.298+0000] {subprocess.py:93} INFO - [0m17:02:49    Runtime Error in test unique_customer_detail_quote_ref (models/presentation/schema.yml)
[2025-11-03T17:02:49.298+0000] {subprocess.py:93} INFO -   Binder Error: Referenced column "quote_ref" not found in FROM clause!
[2025-11-03T17:02:49.298+0000] {subprocess.py:93} INFO -   Candidate bindings: "customer_ref", "phone_number", "mortgage", "postcode", "bamboo_first_loan_ref"
[2025-11-03T17:02:49.298+0000] {subprocess.py:93} INFO - 
[2025-11-03T17:02:49.299+0000] {subprocess.py:93} INFO -   LINE 19: where quote_ref is not null
[2025-11-03T17:02:49.299+0000] {subprocess.py:93} INFO -                  ^
[2025-11-03T17:02:49.299+0000] {subprocess.py:93} INFO - [0m17:02:49
[2025-11-03T17:02:49.299+0000] {subprocess.py:93} INFO - [0m17:02:49    compiled code at target/compiled/bamboo_dbt_project/models/presentation/schema.yml/unique_customer_detail_quote_ref.sql
[2025-11-03T17:02:49.300+0000] {subprocess.py:93} INFO - [0m17:02:49
[2025-11-03T17:02:49.300+0000] {subprocess.py:93} INFO - [0m17:02:49  Done. PASS=10 WARN=0 ERROR=2 SKIP=0 NO-OP=0 TOTAL=12
[2025-11-03T17:02:49.301+0000] {subprocess.py:93} INFO - [0m17:02:49  [[33mWARNING[0m][DeprecationsSummary]: Deprecated functionality
[2025-11-03T17:02:49.301+0000] {subprocess.py:93} INFO - Summary of encountered deprecations:
[2025-11-03T17:02:49.302+0000] {subprocess.py:93} INFO - - DuplicateYAMLKeysDeprecation: 1 occurrence
[2025-11-03T17:02:49.302+0000] {subprocess.py:93} INFO - To see all deprecation instances instead of just the first occurrence of each,
[2025-11-03T17:02:49.302+0000] {subprocess.py:93} INFO - run command again with the `--show-all-deprecations` flag. You may also need to
[2025-11-03T17:02:49.302+0000] {subprocess.py:93} INFO - run with `--no-partial-parse` as some deprecations are only encountered during
[2025-11-03T17:02:49.302+0000] {subprocess.py:93} INFO - parsing.
[2025-11-03T17:02:49.925+0000] {subprocess.py:97} INFO - Command exited with return code 1
[2025-11-03T17:02:49.926+0000] {taskinstance.py:441} INFO - ::group::Post task execution logs
[2025-11-03T17:02:49.934+0000] {taskinstance.py:2905} ERROR - Task failed with exception
Traceback (most recent call last):
  File "/home/airflow/.local/lib/python3.12/site-packages/airflow/models/taskinstance.py", line 465, in _execute_task
    result = _execute_callable(context=context, **execute_callable_kwargs)
             ^^^^^^^^^^^^^^^^^^^^^^^^^^^^^^^^^^^^^^^^^^^^^^^^^^^^^^^^^^^^^
  File "/home/airflow/.local/lib/python3.12/site-packages/airflow/models/taskinstance.py", line 432, in _execute_callable
    return execute_callable(context=context, **execute_callable_kwargs)
           ^^^^^^^^^^^^^^^^^^^^^^^^^^^^^^^^^^^^^^^^^^^^^^^^^^^^^^^^^^^^
  File "/home/airflow/.local/lib/python3.12/site-packages/airflow/models/baseoperator.py", line 401, in wrapper
    return func(self, *args, **kwargs)
           ^^^^^^^^^^^^^^^^^^^^^^^^^^^
  File "/home/airflow/.local/lib/python3.12/site-packages/airflow/operators/bash.py", line 243, in execute
    raise AirflowException(
airflow.exceptions.AirflowException: Bash command failed. The command returned a non-zero exit code 1.
[2025-11-03T17:02:49.937+0000] {taskinstance.py:1206} INFO - Marking task as FAILED. dag_id=dbt_duckdb_run, task_id=dbt_test, run_id=scheduled__2025-11-02T06:00:00+00:00, execution_date=20251102T060000, start_date=20251103T170246, end_date=20251103T170249
[2025-11-03T17:02:49.944+0000] {standard_task_runner.py:110} ERROR - Failed to execute job 133 for task dbt_test (Bash command failed. The command returned a non-zero exit code 1.; 788)
[2025-11-03T17:02:49.960+0000] {local_task_job_runner.py:243} INFO - Task exited with return code 1
[2025-11-03T17:02:49.971+0000] {taskinstance.py:3503} INFO - 0 downstream tasks scheduled from follow-on schedule check
[2025-11-03T17:02:49.972+0000] {local_task_job_runner.py:222} INFO - ::endgroup::
