[2025-11-02T19:22:55.803+0000] {local_task_job_runner.py:120} INFO - ::group::Pre task execution logs
[2025-11-02T19:22:55.830+0000] {taskinstance.py:2076} INFO - Dependencies all met for dep_context=non-requeueable deps ti=<TaskInstance: dbt_duckdb_run.structured_models.run_dim_applications scheduled__2025-11-01T06:00:00+00:00 [queued]>
[2025-11-02T19:22:55.839+0000] {taskinstance.py:2076} INFO - Dependencies all met for dep_context=requeueable deps ti=<TaskInstance: dbt_duckdb_run.structured_models.run_dim_applications scheduled__2025-11-01T06:00:00+00:00 [queued]>
[2025-11-02T19:22:55.840+0000] {taskinstance.py:2306} INFO - Starting attempt 3 of 3
[2025-11-02T19:22:55.851+0000] {taskinstance.py:2330} INFO - Executing <Task(BashOperator): structured_models.run_dim_applications> on 2025-11-01 06:00:00+00:00
[2025-11-02T19:22:55.864+0000] {logging_mixin.py:188} WARNING - /home/***/.local/lib/python3.12/site-packages/***/task/task_runner/standard_task_runner.py:62 DeprecationWarning: This process (pid=12135) is multi-threaded, use of fork() may lead to deadlocks in the child.
[2025-11-02T19:22:55.865+0000] {standard_task_runner.py:64} INFO - Started process 12138 to run task
[2025-11-02T19:22:55.866+0000] {standard_task_runner.py:90} INFO - Running: ['***', 'tasks', 'run', 'dbt_duckdb_run', 'structured_models.run_dim_applications', 'scheduled__2025-11-01T06:00:00+00:00', '--job-id', '21', '--raw', '--subdir', 'DAGS_FOLDER/dbt_dag.py', '--cfg-path', '/tmp/tmp0nqlo3dm']
[2025-11-02T19:22:55.870+0000] {standard_task_runner.py:91} INFO - Job 21: Subtask structured_models.run_dim_applications
[2025-11-02T19:22:55.923+0000] {task_command.py:426} INFO - Running <TaskInstance: dbt_duckdb_run.structured_models.run_dim_applications scheduled__2025-11-01T06:00:00+00:00 [running]> on host 3ad6f99bc9d3
[2025-11-02T19:22:56.011+0000] {taskinstance.py:2648} INFO - Exporting env vars: AIRFLOW_CTX_DAG_OWNER='***' AIRFLOW_CTX_DAG_ID='dbt_duckdb_run' AIRFLOW_CTX_TASK_ID='structured_models.run_dim_applications' AIRFLOW_CTX_EXECUTION_DATE='2025-11-01T06:00:00+00:00' AIRFLOW_CTX_TRY_NUMBER='3' AIRFLOW_CTX_DAG_RUN_ID='scheduled__2025-11-01T06:00:00+00:00'
[2025-11-02T19:22:56.012+0000] {taskinstance.py:430} INFO - ::endgroup::
[2025-11-02T19:22:56.031+0000] {subprocess.py:63} INFO - Tmp dir root location: /tmp
[2025-11-02T19:22:56.034+0000] {subprocess.py:75} INFO - Running command: ['/usr/bin/bash', '-c', 'cd /opt/***/dbt && source venv/bin/activate && dbt run --select dim_applications--project-dir /opt/***/dbt/bamboo_dbt_project --profiles-dir /opt/***/dbt']
[2025-11-02T19:22:56.040+0000] {subprocess.py:86} INFO - Output:
[2025-11-02T19:23:01.344+0000] {subprocess.py:93} INFO - [0m19:23:01  Running with dbt=1.10.13
[2025-11-02T19:23:01.359+0000] {subprocess.py:93} INFO - [0m19:23:01  Encountered an error:
[2025-11-02T19:23:01.360+0000] {subprocess.py:93} INFO - Runtime Error
[2025-11-02T19:23:01.362+0000] {subprocess.py:93} INFO -   Could not find profile named 'bamboo_dbt_project'
[2025-11-02T19:23:02.170+0000] {subprocess.py:97} INFO - Command exited with return code 2
[2025-11-02T19:23:02.173+0000] {taskinstance.py:441} INFO - ::group::Post task execution logs
[2025-11-02T19:23:02.188+0000] {taskinstance.py:2905} ERROR - Task failed with exception
Traceback (most recent call last):
  File "/home/airflow/.local/lib/python3.12/site-packages/airflow/models/taskinstance.py", line 465, in _execute_task
    result = _execute_callable(context=context, **execute_callable_kwargs)
             ^^^^^^^^^^^^^^^^^^^^^^^^^^^^^^^^^^^^^^^^^^^^^^^^^^^^^^^^^^^^^
  File "/home/airflow/.local/lib/python3.12/site-packages/airflow/models/taskinstance.py", line 432, in _execute_callable
    return execute_callable(context=context, **execute_callable_kwargs)
           ^^^^^^^^^^^^^^^^^^^^^^^^^^^^^^^^^^^^^^^^^^^^^^^^^^^^^^^^^^^^
  File "/home/airflow/.local/lib/python3.12/site-packages/airflow/models/baseoperator.py", line 401, in wrapper
    return func(self, *args, **kwargs)
           ^^^^^^^^^^^^^^^^^^^^^^^^^^^
  File "/home/airflow/.local/lib/python3.12/site-packages/airflow/operators/bash.py", line 243, in execute
    raise AirflowException(
airflow.exceptions.AirflowException: Bash command failed. The command returned a non-zero exit code 2.
[2025-11-02T19:23:02.193+0000] {taskinstance.py:1206} INFO - Marking task as FAILED. dag_id=dbt_duckdb_run, task_id=structured_models.run_dim_applications, run_id=scheduled__2025-11-01T06:00:00+00:00, execution_date=20251101T060000, start_date=20251102T192255, end_date=20251102T192302
[2025-11-02T19:23:02.219+0000] {standard_task_runner.py:110} ERROR - Failed to execute job 21 for task structured_models.run_dim_applications (Bash command failed. The command returned a non-zero exit code 2.; 12138)
[2025-11-02T19:23:02.241+0000] {local_task_job_runner.py:243} INFO - Task exited with return code 1
[2025-11-02T19:23:02.250+0000] {local_task_job_runner.py:222} INFO - ::endgroup::
